{"D:\\RK-JRF-2026\\Projects\\LandT_Application\\lt-fe-v1\\src\\api\\apiClient.ts": {"path":"D:\\RK-JRF-2026\\Projects\\LandT_Application\\lt-fe-v1\\src\\api\\apiClient.ts","statementMap":{"0":{"start":{"line":23,"column":4},"end":{"line":23,"column":null}},"1":{"start":{"line":24,"column":4},"end":{"line":24,"column":null}},"2":{"start":{"line":28,"column":4},"end":{"line":32,"column":null}},"3":{"start":{"line":29,"column":6},"end":{"line":29,"column":null}},"4":{"start":{"line":31,"column":6},"end":{"line":31,"column":null}},"5":{"start":{"line":36,"column":67},"end":{"line":36,"column":null}},"6":{"start":{"line":38,"column":16},"end":{"line":38,"column":null}},"7":{"start":{"line":39,"column":4},"end":{"line":43,"column":null}},"8":{"start":{"line":40,"column":6},"end":{"line":42,"column":null}},"9":{"start":{"line":41,"column":8},"end":{"line":41,"column":null}},"10":{"start":{"line":41,"column":19},"end":{"line":41,"column":null}},"11":{"start":{"line":45,"column":18},"end":{"line":45,"column":null}},"12":{"start":{"line":46,"column":51},"end":{"line":49,"column":null}},"13":{"start":{"line":51,"column":4},"end":{"line":53,"column":null}},"14":{"start":{"line":52,"column":6},"end":{"line":52,"column":null}},"15":{"start":{"line":55,"column":4},"end":{"line":80,"column":null}},"16":{"start":{"line":56,"column":23},"end":{"line":61,"column":null}},"17":{"start":{"line":63,"column":6},"end":{"line":70,"column":null}},"18":{"start":{"line":64,"column":26},"end":{"line":64,"column":null}},"19":{"start":{"line":64,"column":60},"end":{"line":64,"column":64}},"20":{"start":{"line":65,"column":8},"end":{"line":69,"column":null}},"21":{"start":{"line":72,"column":19},"end":{"line":72,"column":null}},"22":{"start":{"line":73,"column":6},"end":{"line":73,"column":null}},"23":{"start":{"line":75,"column":6},"end":{"line":75,"column":null}},"24":{"start":{"line":75,"column":37},"end":{"line":75,"column":null}},"25":{"start":{"line":76,"column":6},"end":{"line":79,"column":null}},"26":{"start":{"line":84,"column":4},"end":{"line":84,"column":null}},"27":{"start":{"line":88,"column":4},"end":{"line":88,"column":null}},"28":{"start":{"line":92,"column":4},"end":{"line":92,"column":null}},"29":{"start":{"line":96,"column":4},"end":{"line":96,"column":null}},"30":{"start":{"line":100,"column":4},"end":{"line":100,"column":null}},"31":{"start":{"line":105,"column":43},"end":{"line":105,"column":null}},"32":{"start":{"line":106,"column":4},"end":{"line":110,"column":null}},"33":{"start":{"line":107,"column":6},"end":{"line":109,"column":null}},"34":{"start":{"line":108,"column":8},"end":{"line":108,"column":null}},"35":{"start":{"line":111,"column":4},"end":{"line":111,"column":null}},"36":{"start":{"line":120,"column":4},"end":{"line":120,"column":null}},"37":{"start":{"line":121,"column":4},"end":{"line":121,"column":null}},"38":{"start":{"line":122,"column":4},"end":{"line":122,"column":null}},"39":{"start":{"line":123,"column":4},"end":{"line":123,"column":null}},"40":{"start":{"line":127,"column":25},"end":{"line":127,"column":null}}},"fnMap":{"0":{"name":"constructor","decl":{"start":{"line":22,"column":2},"end":{"line":22,"column":16}},"loc":{"start":{"line":22,"column":16},"end":{"line":25,"column":null}},"line":22},"1":{"name":"getToken","decl":{"start":{"line":27,"column":2},"end":{"line":27,"column":10}},"loc":{"start":{"line":27,"column":36},"end":{"line":33,"column":null}},"line":27},"2":{"name":"request","decl":{"start":{"line":35,"column":16},"end":{"line":35,"column":27}},"loc":{"start":{"line":35,"column":100},"end":{"line":81,"column":null}},"line":35},"3":{"name":"(anonymous_3)","decl":{"start":{"line":40,"column":29},"end":{"line":40,"column":38}},"loc":{"start":{"line":40,"column":55},"end":{"line":42,"column":7}},"line":40},"4":{"name":"(anonymous_4)","decl":{"start":{"line":64,"column":48},"end":{"line":64,"column":60}},"loc":{"start":{"line":64,"column":60},"end":{"line":64,"column":64}},"line":64},"5":{"name":"get","decl":{"start":{"line":83,"column":8},"end":{"line":83,"column":15}},"loc":{"start":{"line":83,"column":84},"end":{"line":85,"column":null}},"line":83},"6":{"name":"post","decl":{"start":{"line":87,"column":8},"end":{"line":87,"column":16}},"loc":{"start":{"line":87,"column":101},"end":{"line":89,"column":null}},"line":87},"7":{"name":"put","decl":{"start":{"line":91,"column":8},"end":{"line":91,"column":15}},"loc":{"start":{"line":91,"column":100},"end":{"line":93,"column":null}},"line":91},"8":{"name":"patch","decl":{"start":{"line":95,"column":8},"end":{"line":95,"column":17}},"loc":{"start":{"line":95,"column":102},"end":{"line":97,"column":null}},"line":95},"9":{"name":"delete","decl":{"start":{"line":99,"column":8},"end":{"line":99,"column":18}},"loc":{"start":{"line":99,"column":87},"end":{"line":101,"column":null}},"line":99},"10":{"name":"buildFilterParams","decl":{"start":{"line":104,"column":2},"end":{"line":104,"column":20}},"loc":{"start":{"line":104,"column":76},"end":{"line":112,"column":null}},"line":104},"11":{"name":"(anonymous_11)","decl":{"start":{"line":106,"column":28},"end":{"line":106,"column":37}},"loc":{"start":{"line":106,"column":54},"end":{"line":110,"column":5}},"line":106},"12":{"name":"constructor_2","decl":{"start":{"line":119,"column":2},"end":{"line":119,"column":14}},"loc":{"start":{"line":119,"column":63},"end":{"line":124,"column":null}},"line":119}},"branchMap":{"0":{"loc":{"start":{"line":29,"column":13},"end":{"line":29,"column":null}},"type":"binary-expr","locations":[{"start":{"line":29,"column":13},"end":{"line":29,"column":55}},{"start":{"line":29,"column":55},"end":{"line":29,"column":null}}],"line":29},"1":{"loc":{"start":{"line":35,"column":45},"end":{"line":35,"column":100}},"type":"default-arg","locations":[{"start":{"line":35,"column":71},"end":{"line":35,"column":100}}],"line":35},"2":{"loc":{"start":{"line":36,"column":12},"end":{"line":36,"column":28}},"type":"default-arg","locations":[{"start":{"line":36,"column":21},"end":{"line":36,"column":28}}],"line":36},"3":{"loc":{"start":{"line":36,"column":42},"end":{"line":36,"column":56}},"type":"default-arg","locations":[{"start":{"line":36,"column":52},"end":{"line":36,"column":56}}],"line":36},"4":{"loc":{"start":{"line":39,"column":4},"end":{"line":43,"column":null}},"type":"if","locations":[{"start":{"line":39,"column":4},"end":{"line":43,"column":null}},{"start":{},"end":{}}],"line":39},"5":{"loc":{"start":{"line":41,"column":8},"end":{"line":41,"column":null}},"type":"if","locations":[{"start":{"line":41,"column":8},"end":{"line":41,"column":null}},{"start":{},"end":{}}],"line":41},"6":{"loc":{"start":{"line":51,"column":4},"end":{"line":53,"column":null}},"type":"if","locations":[{"start":{"line":51,"column":4},"end":{"line":53,"column":null}},{"start":{},"end":{}}],"line":51},"7":{"loc":{"start":{"line":59,"column":14},"end":{"line":59,"column":null}},"type":"cond-expr","locations":[{"start":{"line":59,"column":21},"end":{"line":59,"column":44}},{"start":{"line":59,"column":44},"end":{"line":59,"column":null}}],"line":59},"8":{"loc":{"start":{"line":63,"column":6},"end":{"line":70,"column":null}},"type":"if","locations":[{"start":{"line":63,"column":6},"end":{"line":70,"column":null}},{"start":{},"end":{}}],"line":63},"9":{"loc":{"start":{"line":66,"column":10},"end":{"line":66,"column":null}},"type":"binary-expr","locations":[{"start":{"line":66,"column":10},"end":{"line":66,"column":32}},{"start":{"line":66,"column":32},"end":{"line":66,"column":null}}],"line":66},"10":{"loc":{"start":{"line":75,"column":6},"end":{"line":75,"column":null}},"type":"if","locations":[{"start":{"line":75,"column":6},"end":{"line":75,"column":null}},{"start":{},"end":{}}],"line":75},"11":{"loc":{"start":{"line":77,"column":8},"end":{"line":77,"column":null}},"type":"cond-expr","locations":[{"start":{"line":77,"column":33},"end":{"line":77,"column":49}},{"start":{"line":77,"column":49},"end":{"line":77,"column":null}}],"line":77},"12":{"loc":{"start":{"line":107,"column":6},"end":{"line":109,"column":null}},"type":"if","locations":[{"start":{"line":107,"column":6},"end":{"line":109,"column":null}},{"start":{},"end":{}}],"line":107},"13":{"loc":{"start":{"line":107,"column":10},"end":{"line":107,"column":65}},"type":"binary-expr","locations":[{"start":{"line":107,"column":10},"end":{"line":107,"column":33}},{"start":{"line":107,"column":33},"end":{"line":107,"column":51}},{"start":{"line":107,"column":51},"end":{"line":107,"column":65}}],"line":107}},"s":{"0":1,"1":1,"2":6,"3":6,"4":0,"5":6,"6":6,"7":6,"8":1,"9":1,"10":1,"11":6,"12":6,"13":6,"14":0,"15":6,"16":6,"17":6,"18":1,"19":0,"20":1,"21":5,"22":5,"23":1,"24":1,"25":0,"26":2,"27":1,"28":1,"29":1,"30":1,"31":1,"32":1,"33":6,"34":4,"35":1,"36":2,"37":2,"38":2,"39":2,"40":1},"f":{"0":1,"1":6,"2":6,"3":1,"4":0,"5":2,"6":1,"7":1,"8":1,"9":1,"10":1,"11":6,"12":2},"b":{"0":[6,6],"1":[6],"2":[6],"3":[6],"4":[1,5],"5":[1,0],"6":[0,6],"7":[3,3],"8":[1,5],"9":[1,0],"10":[1,0],"11":[0,0],"12":[4,2],"13":[6,5,5]},"meta":{"lastBranch":14,"lastFunction":13,"lastStatement":41,"seen":{"f:22:2:22:16":0,"s:23:4:23:Infinity":0,"s:24:4:24:Infinity":1,"f:27:2:27:10":1,"s:28:4:32:Infinity":2,"s:29:6:29:Infinity":3,"b:29:13:29:55:29:55:29:Infinity":0,"s:31:6:31:Infinity":4,"f:35:16:35:27":2,"b:35:71:35:100":1,"s:36:67:36:Infinity":5,"b:36:21:36:28":2,"b:36:52:36:56":3,"s:38:16:38:Infinity":6,"b:39:4:43:Infinity:undefined:undefined:undefined:undefined":4,"s:39:4:43:Infinity":7,"s:40:6:42:Infinity":8,"f:40:29:40:38":3,"b:41:8:41:Infinity:undefined:undefined:undefined:undefined":5,"s:41:8:41:Infinity":9,"s:41:19:41:Infinity":10,"s:45:18:45:Infinity":11,"s:46:51:49:Infinity":12,"b:51:4:53:Infinity:undefined:undefined:undefined:undefined":6,"s:51:4:53:Infinity":13,"s:52:6:52:Infinity":14,"s:55:4:80:Infinity":15,"s:56:23:61:Infinity":16,"b:59:21:59:44:59:44:59:Infinity":7,"b:63:6:70:Infinity:undefined:undefined:undefined:undefined":8,"s:63:6:70:Infinity":17,"s:64:26:64:Infinity":18,"f:64:48:64:60":4,"s:64:60:64:64":19,"s:65:8:69:Infinity":20,"b:66:10:66:32:66:32:66:Infinity":9,"s:72:19:72:Infinity":21,"s:73:6:73:Infinity":22,"b:75:6:75:Infinity:undefined:undefined:undefined:undefined":10,"s:75:6:75:Infinity":23,"s:75:37:75:Infinity":24,"s:76:6:79:Infinity":25,"b:77:33:77:49:77:49:77:Infinity":11,"f:83:8:83:15":5,"s:84:4:84:Infinity":26,"f:87:8:87:16":6,"s:88:4:88:Infinity":27,"f:91:8:91:15":7,"s:92:4:92:Infinity":28,"f:95:8:95:17":8,"s:96:4:96:Infinity":29,"f:99:8:99:18":9,"s:100:4:100:Infinity":30,"f:104:2:104:20":10,"s:105:43:105:Infinity":31,"s:106:4:110:Infinity":32,"f:106:28:106:37":11,"b:107:6:109:Infinity:undefined:undefined:undefined:undefined":12,"s:107:6:109:Infinity":33,"b:107:10:107:33:107:33:107:51:107:51:107:65":13,"s:108:8:108:Infinity":34,"s:111:4:111:Infinity":35,"f:119:2:119:14":12,"s:120:4:120:Infinity":36,"s:121:4:121:Infinity":37,"s:122:4:122:Infinity":38,"s:123:4:123:Infinity":39,"s:127:25:127:Infinity":40},"fnNames":{}}}
,"D:\\RK-JRF-2026\\Projects\\LandT_Application\\lt-fe-v1\\src\\services\\api.ts": {"path":"D:\\RK-JRF-2026\\Projects\\LandT_Application\\lt-fe-v1\\src\\services\\api.ts","statementMap":{"0":{"start":{"line":9,"column":16},"end":{"line":9,"column":null}},"1":{"start":{"line":11,"column":19},"end":{"line":17,"column":null}},"2":{"start":{"line":20,"column":13},"end":{"line":20,"column":null}},"3":{"start":{"line":20,"column":51},"end":{"line":20,"column":null}},"4":{"start":{"line":21,"column":13},"end":{"line":21,"column":null}},"5":{"start":{"line":21,"column":52},"end":{"line":21,"column":null}},"6":{"start":{"line":22,"column":13},"end":{"line":27,"column":null}},"7":{"start":{"line":23,"column":2},"end":{"line":23,"column":null}},"8":{"start":{"line":24,"column":2},"end":{"line":26,"column":null}},"9":{"start":{"line":25,"column":4},"end":{"line":25,"column":null}},"10":{"start":{"line":28,"column":13},"end":{"line":33,"column":null}},"11":{"start":{"line":29,"column":2},"end":{"line":29,"column":null}},"12":{"start":{"line":30,"column":2},"end":{"line":30,"column":null}},"13":{"start":{"line":31,"column":2},"end":{"line":31,"column":null}},"14":{"start":{"line":32,"column":2},"end":{"line":32,"column":null}},"15":{"start":{"line":36,"column":0},"end":{"line":45,"column":null}},"16":{"start":{"line":38,"column":18},"end":{"line":38,"column":null}},"17":{"start":{"line":39,"column":4},"end":{"line":41,"column":null}},"18":{"start":{"line":40,"column":6},"end":{"line":40,"column":null}},"19":{"start":{"line":42,"column":4},"end":{"line":42,"column":null}},"20":{"start":{"line":44,"column":25},"end":{"line":44,"column":null}},"21":{"start":{"line":48,"column":19},"end":{"line":48,"column":null}},"22":{"start":{"line":52,"column":5},"end":{"line":52,"column":null}},"23":{"start":{"line":54,"column":6},"end":{"line":63,"column":null}},"24":{"start":{"line":55,"column":2},"end":{"line":61,"column":null}},"25":{"start":{"line":56,"column":4},"end":{"line":60,"column":null}},"26":{"start":{"line":57,"column":6},"end":{"line":57,"column":null}},"27":{"start":{"line":59,"column":6},"end":{"line":59,"column":null}},"28":{"start":{"line":62,"column":2},"end":{"line":62,"column":null}},"29":{"start":{"line":65,"column":0},"end":{"line":149,"column":null}},"30":{"start":{"line":67,"column":4},"end":{"line":67,"column":null}},"31":{"start":{"line":70,"column":28},"end":{"line":70,"column":null}},"32":{"start":{"line":71,"column":23},"end":{"line":71,"column":null}},"33":{"start":{"line":74,"column":25},"end":{"line":74,"column":null}},"34":{"start":{"line":75,"column":4},"end":{"line":89,"column":null}},"35":{"start":{"line":76,"column":6},"end":{"line":88,"column":null}},"36":{"start":{"line":77,"column":29},"end":{"line":77,"column":null}},"37":{"start":{"line":78,"column":29},"end":{"line":80,"column":null}},"38":{"start":{"line":79,"column":34},"end":{"line":79,"column":93}},"39":{"start":{"line":81,"column":8},"end":{"line":83,"column":null}},"40":{"start":{"line":82,"column":10},"end":{"line":82,"column":null}},"41":{"start":{"line":84,"column":13},"end":{"line":88,"column":null}},"42":{"start":{"line":85,"column":8},"end":{"line":85,"column":null}},"43":{"start":{"line":86,"column":13},"end":{"line":88,"column":null}},"44":{"start":{"line":87,"column":8},"end":{"line":87,"column":null}},"45":{"start":{"line":92,"column":27},"end":{"line":94,"column":null}},"46":{"start":{"line":97,"column":4},"end":{"line":145,"column":null}},"47":{"start":{"line":98,"column":27},"end":{"line":98,"column":null}},"48":{"start":{"line":99,"column":6},"end":{"line":144,"column":null}},"49":{"start":{"line":100,"column":8},"end":{"line":111,"column":null}},"50":{"start":{"line":101,"column":10},"end":{"line":110,"column":null}},"51":{"start":{"line":102,"column":12},"end":{"line":102,"column":null}},"52":{"start":{"line":105,"column":14},"end":{"line":107,"column":null}},"53":{"start":{"line":106,"column":16},"end":{"line":106,"column":null}},"54":{"start":{"line":108,"column":14},"end":{"line":108,"column":null}},"55":{"start":{"line":110,"column":28},"end":{"line":110,"column":47}},"56":{"start":{"line":113,"column":8},"end":{"line":113,"column":null}},"57":{"start":{"line":114,"column":8},"end":{"line":114,"column":null}},"58":{"start":{"line":116,"column":8},"end":{"line":138,"column":null}},"59":{"start":{"line":117,"column":27},"end":{"line":119,"column":null}},"60":{"start":{"line":121,"column":33},"end":{"line":121,"column":null}},"61":{"start":{"line":122,"column":10},"end":{"line":129,"column":null}},"62":{"start":{"line":123,"column":12},"end":{"line":123,"column":null}},"63":{"start":{"line":124,"column":12},"end":{"line":126,"column":null}},"64":{"start":{"line":125,"column":14},"end":{"line":125,"column":null}},"65":{"start":{"line":127,"column":12},"end":{"line":127,"column":null}},"66":{"start":{"line":128,"column":12},"end":{"line":128,"column":null}},"67":{"start":{"line":131,"column":10},"end":{"line":131,"column":null}},"68":{"start":{"line":132,"column":10},"end":{"line":132,"column":null}},"69":{"start":{"line":133,"column":10},"end":{"line":135,"column":null}},"70":{"start":{"line":134,"column":12},"end":{"line":134,"column":null}},"71":{"start":{"line":137,"column":10},"end":{"line":137,"column":null}},"72":{"start":{"line":140,"column":8},"end":{"line":140,"column":null}},"73":{"start":{"line":141,"column":8},"end":{"line":143,"column":null}},"74":{"start":{"line":142,"column":10},"end":{"line":142,"column":null}},"75":{"start":{"line":147,"column":4},"end":{"line":147,"column":null}}},"fnMap":{"0":{"name":"(anonymous_0)","decl":{"start":{"line":20,"column":13},"end":{"line":20,"column":51}},"loc":{"start":{"line":20,"column":51},"end":{"line":20,"column":null}},"line":20},"1":{"name":"(anonymous_1)","decl":{"start":{"line":21,"column":13},"end":{"line":21,"column":52}},"loc":{"start":{"line":21,"column":52},"end":{"line":21,"column":null}},"line":21},"2":{"name":"(anonymous_2)","decl":{"start":{"line":22,"column":13},"end":{"line":22,"column":26}},"loc":{"start":{"line":22,"column":73},"end":{"line":27,"column":null}},"line":22},"3":{"name":"(anonymous_3)","decl":{"start":{"line":28,"column":13},"end":{"line":28,"column":41}},"loc":{"start":{"line":28,"column":41},"end":{"line":33,"column":null}},"line":28},"4":{"name":"(anonymous_4)","decl":{"start":{"line":36,"column":25},"end":{"line":36,"column":null}},"loc":{"start":{"line":37,"column":45},"end":{"line":43,"column":null}},"line":37},"5":{"name":"(anonymous_5)","decl":{"start":{"line":43,"column":2},"end":{"line":43,"column":null}},"loc":{"start":{"line":44,"column":25},"end":{"line":44,"column":null}},"line":44},"6":{"name":"(anonymous_6)","decl":{"start":{"line":54,"column":6},"end":{"line":54,"column":22}},"loc":{"start":{"line":54,"column":80},"end":{"line":63,"column":null}},"line":54},"7":{"name":"(anonymous_7)","decl":{"start":{"line":55,"column":14},"end":{"line":55,"column":23}},"loc":{"start":{"line":55,"column":32},"end":{"line":61,"column":3}},"line":55},"8":{"name":"(anonymous_8)","decl":{"start":{"line":65,"column":26},"end":{"line":65,"column":null}},"loc":{"start":{"line":66,"column":16},"end":{"line":68,"column":null}},"line":66},"9":{"name":"(anonymous_9)","decl":{"start":{"line":69,"column":2},"end":{"line":69,"column":9}},"loc":{"start":{"line":69,"column":31},"end":{"line":148,"column":null}},"line":69},"10":{"name":"(anonymous_10)","decl":{"start":{"line":79,"column":11},"end":{"line":79,"column":16}},"loc":{"start":{"line":79,"column":34},"end":{"line":79,"column":93}},"line":79},"11":{"name":"(anonymous_11)","decl":{"start":{"line":101,"column":21},"end":{"line":101,"column":30}},"loc":{"start":{"line":101,"column":50},"end":{"line":103,"column":11}},"line":101},"12":{"name":"(anonymous_12)","decl":{"start":{"line":104,"column":13},"end":{"line":104,"column":19}},"loc":{"start":{"line":104,"column":29},"end":{"line":109,"column":13}},"line":104},"13":{"name":"(anonymous_13)","decl":{"start":{"line":110,"column":13},"end":{"line":110,"column":20}},"loc":{"start":{"line":110,"column":28},"end":{"line":110,"column":47}},"line":110}},"branchMap":{"0":{"loc":{"start":{"line":9,"column":16},"end":{"line":9,"column":null}},"type":"cond-expr","locations":[{"start":{"line":9,"column":50},"end":{"line":9,"column":70}},{"start":{"line":9,"column":70},"end":{"line":9,"column":null}}],"line":9},"1":{"loc":{"start":{"line":24,"column":2},"end":{"line":26,"column":null}},"type":"if","locations":[{"start":{"line":24,"column":2},"end":{"line":26,"column":null}},{"start":{},"end":{}}],"line":24},"2":{"loc":{"start":{"line":39,"column":4},"end":{"line":41,"column":null}},"type":"if","locations":[{"start":{"line":39,"column":4},"end":{"line":41,"column":null}},{"start":{},"end":{}}],"line":39},"3":{"loc":{"start":{"line":39,"column":8},"end":{"line":39,"column":36}},"type":"binary-expr","locations":[{"start":{"line":39,"column":8},"end":{"line":39,"column":17}},{"start":{"line":39,"column":17},"end":{"line":39,"column":36}}],"line":39},"4":{"loc":{"start":{"line":54,"column":48},"end":{"line":54,"column":80}},"type":"default-arg","locations":[{"start":{"line":54,"column":71},"end":{"line":54,"column":80}}],"line":54},"5":{"loc":{"start":{"line":56,"column":4},"end":{"line":60,"column":null}},"type":"if","locations":[{"start":{"line":56,"column":4},"end":{"line":60,"column":null}},{"start":{"line":58,"column":11},"end":{"line":60,"column":null}}],"line":56},"6":{"loc":{"start":{"line":71,"column":23},"end":{"line":71,"column":null}},"type":"binary-expr","locations":[{"start":{"line":71,"column":23},"end":{"line":71,"column":47}},{"start":{"line":71,"column":47},"end":{"line":71,"column":null}}],"line":71},"7":{"loc":{"start":{"line":75,"column":4},"end":{"line":89,"column":null}},"type":"if","locations":[{"start":{"line":75,"column":4},"end":{"line":89,"column":null}},{"start":{},"end":{}}],"line":75},"8":{"loc":{"start":{"line":76,"column":6},"end":{"line":88,"column":null}},"type":"if","locations":[{"start":{"line":76,"column":6},"end":{"line":88,"column":null}},{"start":{"line":84,"column":13},"end":{"line":88,"column":null}}],"line":76},"9":{"loc":{"start":{"line":76,"column":10},"end":{"line":76,"column":74}},"type":"binary-expr","locations":[{"start":{"line":76,"column":10},"end":{"line":76,"column":33}},{"start":{"line":76,"column":33},"end":{"line":76,"column":74}}],"line":76},"10":{"loc":{"start":{"line":79,"column":47},"end":{"line":79,"column":93}},"type":"cond-expr","locations":[{"start":{"line":79,"column":69},"end":{"line":79,"column":87}},{"start":{"line":79,"column":87},"end":{"line":79,"column":93}}],"line":79},"11":{"loc":{"start":{"line":81,"column":8},"end":{"line":83,"column":null}},"type":"if","locations":[{"start":{"line":81,"column":8},"end":{"line":83,"column":null}},{"start":{},"end":{}}],"line":81},"12":{"loc":{"start":{"line":84,"column":13},"end":{"line":88,"column":null}},"type":"if","locations":[{"start":{"line":84,"column":13},"end":{"line":88,"column":null}},{"start":{"line":86,"column":13},"end":{"line":88,"column":null}}],"line":84},"13":{"loc":{"start":{"line":86,"column":13},"end":{"line":88,"column":null}},"type":"if","locations":[{"start":{"line":86,"column":13},"end":{"line":88,"column":null}},{"start":{},"end":{}}],"line":86},"14":{"loc":{"start":{"line":92,"column":27},"end":{"line":94,"column":null}},"type":"binary-expr","locations":[{"start":{"line":92,"column":27},"end":{"line":92,"column":null}},{"start":{"line":93,"column":27},"end":{"line":93,"column":null}},{"start":{"line":94,"column":27},"end":{"line":94,"column":null}}],"line":92},"15":{"loc":{"start":{"line":97,"column":4},"end":{"line":145,"column":null}},"type":"if","locations":[{"start":{"line":97,"column":4},"end":{"line":145,"column":null}},{"start":{},"end":{}}],"line":97},"16":{"loc":{"start":{"line":97,"column":8},"end":{"line":97,"column":105}},"type":"binary-expr","locations":[{"start":{"line":97,"column":8},"end":{"line":97,"column":42}},{"start":{"line":97,"column":42},"end":{"line":97,"column":61}},{"start":{"line":97,"column":61},"end":{"line":97,"column":88}},{"start":{"line":97,"column":88},"end":{"line":97,"column":105}}],"line":97},"17":{"loc":{"start":{"line":99,"column":6},"end":{"line":144,"column":null}},"type":"if","locations":[{"start":{"line":99,"column":6},"end":{"line":144,"column":null}},{"start":{"line":139,"column":13},"end":{"line":144,"column":null}}],"line":99},"18":{"loc":{"start":{"line":100,"column":8},"end":{"line":111,"column":null}},"type":"if","locations":[{"start":{"line":100,"column":8},"end":{"line":111,"column":null}},{"start":{},"end":{}}],"line":100},"19":{"loc":{"start":{"line":105,"column":14},"end":{"line":107,"column":null}},"type":"if","locations":[{"start":{"line":105,"column":14},"end":{"line":107,"column":null}},{"start":{},"end":{}}],"line":105},"20":{"loc":{"start":{"line":121,"column":33},"end":{"line":121,"column":null}},"type":"binary-expr","locations":[{"start":{"line":121,"column":33},"end":{"line":121,"column":49}},{"start":{"line":121,"column":49},"end":{"line":121,"column":null}}],"line":121},"21":{"loc":{"start":{"line":122,"column":10},"end":{"line":129,"column":null}},"type":"if","locations":[{"start":{"line":122,"column":10},"end":{"line":129,"column":null}},{"start":{},"end":{}}],"line":122},"22":{"loc":{"start":{"line":124,"column":12},"end":{"line":126,"column":null}},"type":"if","locations":[{"start":{"line":124,"column":12},"end":{"line":126,"column":null}},{"start":{},"end":{}}],"line":124},"23":{"loc":{"start":{"line":133,"column":10},"end":{"line":135,"column":null}},"type":"if","locations":[{"start":{"line":133,"column":10},"end":{"line":135,"column":null}},{"start":{},"end":{}}],"line":133},"24":{"loc":{"start":{"line":141,"column":8},"end":{"line":143,"column":null}},"type":"if","locations":[{"start":{"line":141,"column":8},"end":{"line":143,"column":null}},{"start":{},"end":{}}],"line":141}},"s":{"0":1,"1":1,"2":1,"3":3,"4":1,"5":3,"6":1,"7":1,"8":1,"9":1,"10":1,"11":1,"12":1,"13":1,"14":1,"15":1,"16":0,"17":0,"18":0,"19":0,"20":0,"21":1,"22":1,"23":1,"24":0,"25":0,"26":0,"27":0,"28":0,"29":1,"30":0,"31":0,"32":0,"33":0,"34":0,"35":0,"36":0,"37":0,"38":0,"39":0,"40":0,"41":0,"42":0,"43":0,"44":0,"45":0,"46":0,"47":0,"48":0,"49":0,"50":0,"51":0,"52":0,"53":0,"54":0,"55":0,"56":0,"57":0,"58":0,"59":0,"60":0,"61":0,"62":0,"63":0,"64":0,"65":0,"66":0,"67":0,"68":0,"69":0,"70":0,"71":0,"72":0,"73":0,"74":0,"75":0},"f":{"0":3,"1":3,"2":1,"3":1,"4":0,"5":0,"6":0,"7":0,"8":0,"9":0,"10":0,"11":0,"12":0,"13":0},"b":{"0":[0,1],"1":[1,0],"2":[0,0],"3":[0,0],"4":[0],"5":[0,0],"6":[0,0],"7":[0,0],"8":[0,0],"9":[0,0],"10":[0,0],"11":[0,0],"12":[0,0],"13":[0,0],"14":[0,0,0],"15":[0,0],"16":[0,0,0,0],"17":[0,0],"18":[0,0],"19":[0,0],"20":[0,0],"21":[0,0],"22":[0,0],"23":[0,0],"24":[0,0]},"meta":{"lastBranch":25,"lastFunction":14,"lastStatement":76,"seen":{"s:9:16:9:Infinity":0,"b:9:50:9:70:9:70:9:Infinity":0,"s:11:19:17:Infinity":1,"s:20:13:20:Infinity":2,"f:20:13:20:51":0,"s:20:51:20:Infinity":3,"s:21:13:21:Infinity":4,"f:21:13:21:52":1,"s:21:52:21:Infinity":5,"s:22:13:27:Infinity":6,"f:22:13:22:26":2,"s:23:2:23:Infinity":7,"b:24:2:26:Infinity:undefined:undefined:undefined:undefined":1,"s:24:2:26:Infinity":8,"s:25:4:25:Infinity":9,"s:28:13:33:Infinity":10,"f:28:13:28:41":3,"s:29:2:29:Infinity":11,"s:30:2:30:Infinity":12,"s:31:2:31:Infinity":13,"s:32:2:32:Infinity":14,"s:36:0:45:Infinity":15,"f:36:25:36:Infinity":4,"s:38:18:38:Infinity":16,"b:39:4:41:Infinity:undefined:undefined:undefined:undefined":2,"s:39:4:41:Infinity":17,"b:39:8:39:17:39:17:39:36":3,"s:40:6:40:Infinity":18,"s:42:4:42:Infinity":19,"f:43:2:43:Infinity":5,"s:44:25:44:Infinity":20,"s:48:19:48:Infinity":21,"s:52:5:52:Infinity":22,"s:54:6:63:Infinity":23,"f:54:6:54:22":6,"b:54:71:54:80":4,"s:55:2:61:Infinity":24,"f:55:14:55:23":7,"b:56:4:60:Infinity:58:11:60:Infinity":5,"s:56:4:60:Infinity":25,"s:57:6:57:Infinity":26,"s:59:6:59:Infinity":27,"s:62:2:62:Infinity":28,"s:65:0:149:Infinity":29,"f:65:26:65:Infinity":8,"s:67:4:67:Infinity":30,"f:69:2:69:9":9,"s:70:28:70:Infinity":31,"s:71:23:71:Infinity":32,"b:71:23:71:47:71:47:71:Infinity":6,"s:74:25:74:Infinity":33,"b:75:4:89:Infinity:undefined:undefined:undefined:undefined":7,"s:75:4:89:Infinity":34,"b:76:6:88:Infinity:84:13:88:Infinity":8,"s:76:6:88:Infinity":35,"b:76:10:76:33:76:33:76:74":9,"s:77:29:77:Infinity":36,"s:78:29:80:Infinity":37,"f:79:11:79:16":10,"s:79:34:79:93":38,"b:79:69:79:87:79:87:79:93":10,"b:81:8:83:Infinity:undefined:undefined:undefined:undefined":11,"s:81:8:83:Infinity":39,"s:82:10:82:Infinity":40,"b:84:13:88:Infinity:86:13:88:Infinity":12,"s:84:13:88:Infinity":41,"s:85:8:85:Infinity":42,"b:86:13:88:Infinity:undefined:undefined:undefined:undefined":13,"s:86:13:88:Infinity":43,"s:87:8:87:Infinity":44,"s:92:27:94:Infinity":45,"b:92:27:92:Infinity:93:27:93:Infinity:94:27:94:Infinity":14,"b:97:4:145:Infinity:undefined:undefined:undefined:undefined":15,"s:97:4:145:Infinity":46,"b:97:8:97:42:97:42:97:61:97:61:97:88:97:88:97:105":16,"s:98:27:98:Infinity":47,"b:99:6:144:Infinity:139:13:144:Infinity":17,"s:99:6:144:Infinity":48,"b:100:8:111:Infinity:undefined:undefined:undefined:undefined":18,"s:100:8:111:Infinity":49,"s:101:10:110:Infinity":50,"f:101:21:101:30":11,"s:102:12:102:Infinity":51,"f:104:13:104:19":12,"b:105:14:107:Infinity:undefined:undefined:undefined:undefined":19,"s:105:14:107:Infinity":52,"s:106:16:106:Infinity":53,"s:108:14:108:Infinity":54,"f:110:13:110:20":13,"s:110:28:110:47":55,"s:113:8:113:Infinity":56,"s:114:8:114:Infinity":57,"s:116:8:138:Infinity":58,"s:117:27:119:Infinity":59,"s:121:33:121:Infinity":60,"b:121:33:121:49:121:49:121:Infinity":20,"b:122:10:129:Infinity:undefined:undefined:undefined:undefined":21,"s:122:10:129:Infinity":61,"s:123:12:123:Infinity":62,"b:124:12:126:Infinity:undefined:undefined:undefined:undefined":22,"s:124:12:126:Infinity":63,"s:125:14:125:Infinity":64,"s:127:12:127:Infinity":65,"s:128:12:128:Infinity":66,"s:131:10:131:Infinity":67,"s:132:10:132:Infinity":68,"b:133:10:135:Infinity:undefined:undefined:undefined:undefined":23,"s:133:10:135:Infinity":69,"s:134:12:134:Infinity":70,"s:137:10:137:Infinity":71,"s:140:8:140:Infinity":72,"b:141:8:143:Infinity:undefined:undefined:undefined:undefined":24,"s:141:8:143:Infinity":73,"s:142:10:142:Infinity":74,"s:147:4:147:Infinity":75},"fnNames":{}}}
,"D:\\RK-JRF-2026\\Projects\\LandT_Application\\lt-fe-v1\\src\\services\\authService.ts": {"path":"D:\\RK-JRF-2026\\Projects\\LandT_Application\\lt-fe-v1\\src\\services\\authService.ts","statementMap":{"0":{"start":{"line":17,"column":6},"end":{"line":35,"column":null}},"1":{"start":{"line":18,"column":14},"end":{"line":18,"column":null}},"2":{"start":{"line":19,"column":2},"end":{"line":19,"column":null}},"3":{"start":{"line":19,"column":17},"end":{"line":19,"column":null}},"4":{"start":{"line":20,"column":2},"end":{"line":20,"column":null}},"5":{"start":{"line":20,"column":17},"end":{"line":20,"column":null}},"6":{"start":{"line":21,"column":2},"end":{"line":21,"column":null}},"7":{"start":{"line":21,"column":17},"end":{"line":21,"column":null}},"8":{"start":{"line":22,"column":2},"end":{"line":22,"column":null}},"9":{"start":{"line":22,"column":30},"end":{"line":22,"column":null}},"10":{"start":{"line":23,"column":2},"end":{"line":23,"column":null}},"11":{"start":{"line":23,"column":17},"end":{"line":23,"column":null}},"12":{"start":{"line":24,"column":2},"end":{"line":24,"column":null}},"13":{"start":{"line":24,"column":17},"end":{"line":24,"column":null}},"14":{"start":{"line":26,"column":8},"end":{"line":26,"column":null}},"15":{"start":{"line":27,"column":2},"end":{"line":27,"column":null}},"16":{"start":{"line":27,"column":29},"end":{"line":27,"column":null}},"17":{"start":{"line":28,"column":2},"end":{"line":28,"column":null}},"18":{"start":{"line":28,"column":74},"end":{"line":28,"column":null}},"19":{"start":{"line":29,"column":2},"end":{"line":29,"column":null}},"20":{"start":{"line":29,"column":34},"end":{"line":29,"column":null}},"21":{"start":{"line":30,"column":2},"end":{"line":30,"column":null}},"22":{"start":{"line":30,"column":65},"end":{"line":30,"column":null}},"23":{"start":{"line":31,"column":2},"end":{"line":31,"column":null}},"24":{"start":{"line":31,"column":72},"end":{"line":31,"column":null}},"25":{"start":{"line":32,"column":2},"end":{"line":32,"column":null}},"26":{"start":{"line":32,"column":73},"end":{"line":32,"column":null}},"27":{"start":{"line":34,"column":2},"end":{"line":34,"column":null}},"28":{"start":{"line":37,"column":27},"end":{"line":118,"column":null}},"29":{"start":{"line":39,"column":21},"end":{"line":43,"column":null}},"30":{"start":{"line":44,"column":17},"end":{"line":44,"column":null}},"31":{"start":{"line":47,"column":19},"end":{"line":47,"column":null}},"32":{"start":{"line":48,"column":20},"end":{"line":48,"column":null}},"33":{"start":{"line":49,"column":20},"end":{"line":49,"column":null}},"34":{"start":{"line":51,"column":27},"end":{"line":51,"column":null}},"35":{"start":{"line":52,"column":30},"end":{"line":60,"column":null}},"36":{"start":{"line":62,"column":4},"end":{"line":64,"column":null}},"37":{"start":{"line":63,"column":6},"end":{"line":63,"column":null}},"38":{"start":{"line":65,"column":4},"end":{"line":67,"column":null}},"39":{"start":{"line":66,"column":6},"end":{"line":66,"column":null}},"40":{"start":{"line":68,"column":4},"end":{"line":70,"column":null}},"41":{"start":{"line":69,"column":6},"end":{"line":69,"column":null}},"42":{"start":{"line":71,"column":4},"end":{"line":73,"column":null}},"43":{"start":{"line":72,"column":6},"end":{"line":72,"column":null}},"44":{"start":{"line":75,"column":4},"end":{"line":75,"column":null}},"45":{"start":{"line":79,"column":21},"end":{"line":79,"column":null}},"46":{"start":{"line":80,"column":4},"end":{"line":80,"column":null}},"47":{"start":{"line":84,"column":21},"end":{"line":84,"column":null}},"48":{"start":{"line":85,"column":17},"end":{"line":85,"column":null}},"49":{"start":{"line":86,"column":4},"end":{"line":88,"column":null}},"50":{"start":{"line":87,"column":6},"end":{"line":87,"column":null}},"51":{"start":{"line":89,"column":4},"end":{"line":89,"column":null}},"52":{"start":{"line":93,"column":21},"end":{"line":93,"column":null}},"53":{"start":{"line":94,"column":4},"end":{"line":94,"column":null}},"54":{"start":{"line":98,"column":21},"end":{"line":98,"column":null}},"55":{"start":{"line":99,"column":4},"end":{"line":99,"column":null}},"56":{"start":{"line":103,"column":21},"end":{"line":103,"column":null}},"57":{"start":{"line":104,"column":4},"end":{"line":104,"column":null}},"58":{"start":{"line":108,"column":21},"end":{"line":108,"column":null}},"59":{"start":{"line":109,"column":4},"end":{"line":109,"column":null}},"60":{"start":{"line":113,"column":4},"end":{"line":113,"column":null}},"61":{"start":{"line":114,"column":4},"end":{"line":116,"column":null}},"62":{"start":{"line":115,"column":6},"end":{"line":115,"column":null}}},"fnMap":{"0":{"name":"(anonymous_0)","decl":{"start":{"line":17,"column":6},"end":{"line":17,"column":29}},"loc":{"start":{"line":17,"column":86},"end":{"line":35,"column":null}},"line":17},"1":{"name":"login","decl":{"start":{"line":38,"column":8},"end":{"line":38,"column":14}},"loc":{"start":{"line":38,"column":81},"end":{"line":76,"column":null}},"line":38},"2":{"name":"register","decl":{"start":{"line":78,"column":8},"end":{"line":78,"column":17}},"loc":{"start":{"line":78,"column":70},"end":{"line":81,"column":null}},"line":78},"3":{"name":"getProfile","decl":{"start":{"line":83,"column":8},"end":{"line":83,"column":43}},"loc":{"start":{"line":83,"column":43},"end":{"line":90,"column":null}},"line":83},"4":{"name":"requestOTP","decl":{"start":{"line":92,"column":8},"end":{"line":92,"column":19}},"loc":{"start":{"line":92,"column":86},"end":{"line":95,"column":null}},"line":92},"5":{"name":"forgotPassword","decl":{"start":{"line":97,"column":8},"end":{"line":97,"column":23}},"loc":{"start":{"line":97,"column":123},"end":{"line":100,"column":null}},"line":97},"6":{"name":"forgotUsername","decl":{"start":{"line":102,"column":8},"end":{"line":102,"column":23}},"loc":{"start":{"line":102,"column":102},"end":{"line":105,"column":null}},"line":102},"7":{"name":"getHealth","decl":{"start":{"line":107,"column":8},"end":{"line":107,"column":87}},"loc":{"start":{"line":107,"column":87},"end":{"line":110,"column":null}},"line":107},"8":{"name":"logout","decl":{"start":{"line":112,"column":2},"end":{"line":112,"column":17}},"loc":{"start":{"line":112,"column":17},"end":{"line":117,"column":null}},"line":112}},"branchMap":{"0":{"loc":{"start":{"line":19,"column":2},"end":{"line":19,"column":null}},"type":"if","locations":[{"start":{"line":19,"column":2},"end":{"line":19,"column":null}},{"start":{},"end":{}}],"line":19},"1":{"loc":{"start":{"line":20,"column":2},"end":{"line":20,"column":null}},"type":"if","locations":[{"start":{"line":20,"column":2},"end":{"line":20,"column":null}},{"start":{},"end":{}}],"line":20},"2":{"loc":{"start":{"line":21,"column":2},"end":{"line":21,"column":null}},"type":"if","locations":[{"start":{"line":21,"column":2},"end":{"line":21,"column":null}},{"start":{},"end":{}}],"line":21},"3":{"loc":{"start":{"line":22,"column":2},"end":{"line":22,"column":null}},"type":"if","locations":[{"start":{"line":22,"column":2},"end":{"line":22,"column":null}},{"start":{},"end":{}}],"line":22},"4":{"loc":{"start":{"line":22,"column":6},"end":{"line":22,"column":30}},"type":"binary-expr","locations":[{"start":{"line":22,"column":6},"end":{"line":22,"column":19}},{"start":{"line":22,"column":19},"end":{"line":22,"column":30}}],"line":22},"5":{"loc":{"start":{"line":23,"column":2},"end":{"line":23,"column":null}},"type":"if","locations":[{"start":{"line":23,"column":2},"end":{"line":23,"column":null}},{"start":{},"end":{}}],"line":23},"6":{"loc":{"start":{"line":24,"column":2},"end":{"line":24,"column":null}},"type":"if","locations":[{"start":{"line":24,"column":2},"end":{"line":24,"column":null}},{"start":{},"end":{}}],"line":24},"7":{"loc":{"start":{"line":26,"column":15},"end":{"line":26,"column":28}},"type":"binary-expr","locations":[{"start":{"line":26,"column":15},"end":{"line":26,"column":26}},{"start":{"line":26,"column":26},"end":{"line":26,"column":28}}],"line":26},"8":{"loc":{"start":{"line":27,"column":2},"end":{"line":27,"column":null}},"type":"if","locations":[{"start":{"line":27,"column":2},"end":{"line":27,"column":null}},{"start":{},"end":{}}],"line":27},"9":{"loc":{"start":{"line":28,"column":2},"end":{"line":28,"column":null}},"type":"if","locations":[{"start":{"line":28,"column":2},"end":{"line":28,"column":null}},{"start":{},"end":{}}],"line":28},"10":{"loc":{"start":{"line":28,"column":6},"end":{"line":28,"column":74}},"type":"binary-expr","locations":[{"start":{"line":28,"column":6},"end":{"line":28,"column":41}},{"start":{"line":28,"column":41},"end":{"line":28,"column":74}}],"line":28},"11":{"loc":{"start":{"line":29,"column":2},"end":{"line":29,"column":null}},"type":"if","locations":[{"start":{"line":29,"column":2},"end":{"line":29,"column":null}},{"start":{},"end":{}}],"line":29},"12":{"loc":{"start":{"line":30,"column":2},"end":{"line":30,"column":null}},"type":"if","locations":[{"start":{"line":30,"column":2},"end":{"line":30,"column":null}},{"start":{},"end":{}}],"line":30},"13":{"loc":{"start":{"line":30,"column":6},"end":{"line":30,"column":65}},"type":"binary-expr","locations":[{"start":{"line":30,"column":6},"end":{"line":30,"column":39}},{"start":{"line":30,"column":39},"end":{"line":30,"column":65}}],"line":30},"14":{"loc":{"start":{"line":31,"column":2},"end":{"line":31,"column":null}},"type":"if","locations":[{"start":{"line":31,"column":2},"end":{"line":31,"column":null}},{"start":{},"end":{}}],"line":31},"15":{"loc":{"start":{"line":31,"column":6},"end":{"line":31,"column":72}},"type":"binary-expr","locations":[{"start":{"line":31,"column":6},"end":{"line":31,"column":40}},{"start":{"line":31,"column":40},"end":{"line":31,"column":72}}],"line":31},"16":{"loc":{"start":{"line":32,"column":2},"end":{"line":32,"column":null}},"type":"if","locations":[{"start":{"line":32,"column":2},"end":{"line":32,"column":null}},{"start":{},"end":{}}],"line":32},"17":{"loc":{"start":{"line":32,"column":6},"end":{"line":32,"column":73}},"type":"binary-expr","locations":[{"start":{"line":32,"column":6},"end":{"line":32,"column":40}},{"start":{"line":32,"column":40},"end":{"line":32,"column":73}}],"line":32},"18":{"loc":{"start":{"line":44,"column":17},"end":{"line":44,"column":null}},"type":"binary-expr","locations":[{"start":{"line":44,"column":17},"end":{"line":44,"column":40}},{"start":{"line":44,"column":40},"end":{"line":44,"column":null}}],"line":44},"19":{"loc":{"start":{"line":47,"column":19},"end":{"line":47,"column":null}},"type":"binary-expr","locations":[{"start":{"line":47,"column":19},"end":{"line":47,"column":43}},{"start":{"line":47,"column":43},"end":{"line":47,"column":59}},{"start":{"line":47,"column":59},"end":{"line":47,"column":null}}],"line":47},"20":{"loc":{"start":{"line":48,"column":20},"end":{"line":48,"column":null}},"type":"binary-expr","locations":[{"start":{"line":48,"column":20},"end":{"line":48,"column":45}},{"start":{"line":48,"column":45},"end":{"line":48,"column":62}},{"start":{"line":48,"column":62},"end":{"line":48,"column":null}}],"line":48},"21":{"loc":{"start":{"line":49,"column":20},"end":{"line":49,"column":null}},"type":"binary-expr","locations":[{"start":{"line":49,"column":20},"end":{"line":49,"column":34}},{"start":{"line":49,"column":34},"end":{"line":49,"column":null}}],"line":49},"22":{"loc":{"start":{"line":51,"column":47},"end":{"line":51,"column":82}},"type":"binary-expr","locations":[{"start":{"line":51,"column":47},"end":{"line":51,"column":64}},{"start":{"line":51,"column":64},"end":{"line":51,"column":82}}],"line":51},"23":{"loc":{"start":{"line":53,"column":17},"end":{"line":53,"column":55}},"type":"binary-expr","locations":[{"start":{"line":53,"column":17},"end":{"line":53,"column":37}},{"start":{"line":53,"column":37},"end":{"line":53,"column":52}},{"start":{"line":53,"column":52},"end":{"line":53,"column":55}}],"line":53},"24":{"loc":{"start":{"line":54,"column":12},"end":{"line":54,"column":null}},"type":"binary-expr","locations":[{"start":{"line":54,"column":12},"end":{"line":54,"column":38}},{"start":{"line":54,"column":38},"end":{"line":54,"column":59}},{"start":{"line":54,"column":59},"end":{"line":54,"column":76}},{"start":{"line":54,"column":76},"end":{"line":54,"column":null}}],"line":54},"25":{"loc":{"start":{"line":55,"column":13},"end":{"line":55,"column":null}},"type":"binary-expr","locations":[{"start":{"line":55,"column":13},"end":{"line":55,"column":31}},{"start":{"line":55,"column":31},"end":{"line":55,"column":null}}],"line":55},"26":{"loc":{"start":{"line":57,"column":14},"end":{"line":57,"column":null}},"type":"binary-expr","locations":[{"start":{"line":57,"column":14},"end":{"line":57,"column":33}},{"start":{"line":57,"column":33},"end":{"line":57,"column":null}}],"line":57},"27":{"loc":{"start":{"line":57,"column":88},"end":{"line":57,"column":124}},"type":"binary-expr","locations":[{"start":{"line":57,"column":88},"end":{"line":57,"column":109}},{"start":{"line":57,"column":109},"end":{"line":57,"column":124}}],"line":57},"28":{"loc":{"start":{"line":58,"column":17},"end":{"line":58,"column":null}},"type":"binary-expr","locations":[{"start":{"line":58,"column":17},"end":{"line":58,"column":39}},{"start":{"line":58,"column":39},"end":{"line":58,"column":null}}],"line":58},"29":{"loc":{"start":{"line":59,"column":18},"end":{"line":59,"column":null}},"type":"binary-expr","locations":[{"start":{"line":59,"column":18},"end":{"line":59,"column":44}},{"start":{"line":59,"column":44},"end":{"line":59,"column":67}},{"start":{"line":59,"column":67},"end":{"line":59,"column":null}}],"line":59},"30":{"loc":{"start":{"line":62,"column":4},"end":{"line":64,"column":null}},"type":"if","locations":[{"start":{"line":62,"column":4},"end":{"line":64,"column":null}},{"start":{},"end":{}}],"line":62},"31":{"loc":{"start":{"line":65,"column":4},"end":{"line":67,"column":null}},"type":"if","locations":[{"start":{"line":65,"column":4},"end":{"line":67,"column":null}},{"start":{},"end":{}}],"line":65},"32":{"loc":{"start":{"line":68,"column":4},"end":{"line":70,"column":null}},"type":"if","locations":[{"start":{"line":68,"column":4},"end":{"line":70,"column":null}},{"start":{},"end":{}}],"line":68},"33":{"loc":{"start":{"line":71,"column":4},"end":{"line":73,"column":null}},"type":"if","locations":[{"start":{"line":71,"column":4},"end":{"line":73,"column":null}},{"start":{},"end":{}}],"line":71},"34":{"loc":{"start":{"line":71,"column":8},"end":{"line":71,"column":36}},"type":"binary-expr","locations":[{"start":{"line":71,"column":8},"end":{"line":71,"column":25}},{"start":{"line":71,"column":25},"end":{"line":71,"column":36}}],"line":71},"35":{"loc":{"start":{"line":72,"column":47},"end":{"line":72,"column":73}},"type":"binary-expr","locations":[{"start":{"line":72,"column":47},"end":{"line":72,"column":64}},{"start":{"line":72,"column":64},"end":{"line":72,"column":73}}],"line":72},"36":{"loc":{"start":{"line":80,"column":11},"end":{"line":80,"column":null}},"type":"binary-expr","locations":[{"start":{"line":80,"column":11},"end":{"line":80,"column":34}},{"start":{"line":80,"column":34},"end":{"line":80,"column":null}}],"line":80},"37":{"loc":{"start":{"line":85,"column":17},"end":{"line":85,"column":null}},"type":"binary-expr","locations":[{"start":{"line":85,"column":17},"end":{"line":85,"column":40}},{"start":{"line":85,"column":40},"end":{"line":85,"column":null}}],"line":85},"38":{"loc":{"start":{"line":86,"column":4},"end":{"line":88,"column":null}},"type":"if","locations":[{"start":{"line":86,"column":4},"end":{"line":88,"column":null}},{"start":{},"end":{}}],"line":86},"39":{"loc":{"start":{"line":104,"column":11},"end":{"line":104,"column":null}},"type":"binary-expr","locations":[{"start":{"line":104,"column":11},"end":{"line":104,"column":34}},{"start":{"line":104,"column":34},"end":{"line":104,"column":null}}],"line":104},"40":{"loc":{"start":{"line":114,"column":4},"end":{"line":116,"column":null}},"type":"if","locations":[{"start":{"line":114,"column":4},"end":{"line":116,"column":null}},{"start":{},"end":{}}],"line":114}},"s":{"0":1,"1":2,"2":2,"3":1,"4":1,"5":1,"6":0,"7":0,"8":0,"9":0,"10":0,"11":0,"12":0,"13":0,"14":0,"15":2,"16":0,"17":0,"18":0,"19":0,"20":0,"21":0,"22":0,"23":0,"24":0,"25":0,"26":0,"27":0,"28":1,"29":2,"30":2,"31":2,"32":2,"33":2,"34":2,"35":2,"36":2,"37":2,"38":2,"39":2,"40":2,"41":2,"42":2,"43":2,"44":2,"45":1,"46":1,"47":1,"48":1,"49":1,"50":1,"51":1,"52":1,"53":1,"54":1,"55":1,"56":1,"57":1,"58":1,"59":1,"60":1,"61":1,"62":1},"f":{"0":2,"1":2,"2":1,"3":1,"4":1,"5":1,"6":1,"7":1,"8":1},"b":{"0":[1,1],"1":[1,0],"2":[0,0],"3":[0,0],"4":[0,0],"5":[0,0],"6":[0,0],"7":[0,0],"8":[0,2],"9":[0,0],"10":[0,0],"11":[0,0],"12":[0,0],"13":[0,0],"14":[0,0],"15":[0,0],"16":[0,0],"17":[0,0],"18":[2,1],"19":[2,1,0],"20":[2,1,0],"21":[2,1],"22":[2,1],"23":[2,1,0],"24":[2,2,1,0],"25":[2,2],"26":[2,2],"27":[2,1],"28":[2,2],"29":[2,2,2],"30":[2,0],"31":[2,0],"32":[2,0],"33":[2,0],"34":[2,1],"35":[2,1],"36":[1,0],"37":[1,0],"38":[1,0],"39":[1,0],"40":[1,0]},"meta":{"lastBranch":41,"lastFunction":9,"lastStatement":63,"seen":{"s:17:6:35:Infinity":0,"f:17:6:17:29":0,"s:18:14:18:Infinity":1,"b:19:2:19:Infinity:undefined:undefined:undefined:undefined":0,"s:19:2:19:Infinity":2,"s:19:17:19:Infinity":3,"b:20:2:20:Infinity:undefined:undefined:undefined:undefined":1,"s:20:2:20:Infinity":4,"s:20:17:20:Infinity":5,"b:21:2:21:Infinity:undefined:undefined:undefined:undefined":2,"s:21:2:21:Infinity":6,"s:21:17:21:Infinity":7,"b:22:2:22:Infinity:undefined:undefined:undefined:undefined":3,"s:22:2:22:Infinity":8,"b:22:6:22:19:22:19:22:30":4,"s:22:30:22:Infinity":9,"b:23:2:23:Infinity:undefined:undefined:undefined:undefined":5,"s:23:2:23:Infinity":10,"s:23:17:23:Infinity":11,"b:24:2:24:Infinity:undefined:undefined:undefined:undefined":6,"s:24:2:24:Infinity":12,"s:24:17:24:Infinity":13,"s:26:8:26:Infinity":14,"b:26:15:26:26:26:26:26:28":7,"b:27:2:27:Infinity:undefined:undefined:undefined:undefined":8,"s:27:2:27:Infinity":15,"s:27:29:27:Infinity":16,"b:28:2:28:Infinity:undefined:undefined:undefined:undefined":9,"s:28:2:28:Infinity":17,"b:28:6:28:41:28:41:28:74":10,"s:28:74:28:Infinity":18,"b:29:2:29:Infinity:undefined:undefined:undefined:undefined":11,"s:29:2:29:Infinity":19,"s:29:34:29:Infinity":20,"b:30:2:30:Infinity:undefined:undefined:undefined:undefined":12,"s:30:2:30:Infinity":21,"b:30:6:30:39:30:39:30:65":13,"s:30:65:30:Infinity":22,"b:31:2:31:Infinity:undefined:undefined:undefined:undefined":14,"s:31:2:31:Infinity":23,"b:31:6:31:40:31:40:31:72":15,"s:31:72:31:Infinity":24,"b:32:2:32:Infinity:undefined:undefined:undefined:undefined":16,"s:32:2:32:Infinity":25,"b:32:6:32:40:32:40:32:73":17,"s:32:73:32:Infinity":26,"s:34:2:34:Infinity":27,"s:37:27:118:Infinity":28,"f:38:8:38:14":1,"s:39:21:43:Infinity":29,"s:44:17:44:Infinity":30,"b:44:17:44:40:44:40:44:Infinity":18,"s:47:19:47:Infinity":31,"b:47:19:47:43:47:43:47:59:47:59:47:Infinity":19,"s:48:20:48:Infinity":32,"b:48:20:48:45:48:45:48:62:48:62:48:Infinity":20,"s:49:20:49:Infinity":33,"b:49:20:49:34:49:34:49:Infinity":21,"s:51:27:51:Infinity":34,"b:51:47:51:64:51:64:51:82":22,"s:52:30:60:Infinity":35,"b:53:17:53:37:53:37:53:52:53:52:53:55":23,"b:54:12:54:38:54:38:54:59:54:59:54:76:54:76:54:Infinity":24,"b:55:13:55:31:55:31:55:Infinity":25,"b:57:14:57:33:57:33:57:Infinity":26,"b:57:88:57:109:57:109:57:124":27,"b:58:17:58:39:58:39:58:Infinity":28,"b:59:18:59:44:59:44:59:67:59:67:59:Infinity":29,"b:62:4:64:Infinity:undefined:undefined:undefined:undefined":30,"s:62:4:64:Infinity":36,"s:63:6:63:Infinity":37,"b:65:4:67:Infinity:undefined:undefined:undefined:undefined":31,"s:65:4:67:Infinity":38,"s:66:6:66:Infinity":39,"b:68:4:70:Infinity:undefined:undefined:undefined:undefined":32,"s:68:4:70:Infinity":40,"s:69:6:69:Infinity":41,"b:71:4:73:Infinity:undefined:undefined:undefined:undefined":33,"s:71:4:73:Infinity":42,"b:71:8:71:25:71:25:71:36":34,"s:72:6:72:Infinity":43,"b:72:47:72:64:72:64:72:73":35,"s:75:4:75:Infinity":44,"f:78:8:78:17":2,"s:79:21:79:Infinity":45,"s:80:4:80:Infinity":46,"b:80:11:80:34:80:34:80:Infinity":36,"f:83:8:83:43":3,"s:84:21:84:Infinity":47,"s:85:17:85:Infinity":48,"b:85:17:85:40:85:40:85:Infinity":37,"b:86:4:88:Infinity:undefined:undefined:undefined:undefined":38,"s:86:4:88:Infinity":49,"s:87:6:87:Infinity":50,"s:89:4:89:Infinity":51,"f:92:8:92:19":4,"s:93:21:93:Infinity":52,"s:94:4:94:Infinity":53,"f:97:8:97:23":5,"s:98:21:98:Infinity":54,"s:99:4:99:Infinity":55,"f:102:8:102:23":6,"s:103:21:103:Infinity":56,"s:104:4:104:Infinity":57,"b:104:11:104:34:104:34:104:Infinity":39,"f:107:8:107:87":7,"s:108:21:108:Infinity":58,"s:109:4:109:Infinity":59,"f:112:2:112:17":8,"s:113:4:113:Infinity":60,"b:114:4:116:Infinity:undefined:undefined:undefined:undefined":40,"s:114:4:116:Infinity":61,"s:115:6:115:Infinity":62},"fnNames":{}}}
,"D:\\RK-JRF-2026\\Projects\\LandT_Application\\lt-fe-v1\\src\\services\\cameraService.ts": {"path":"D:\\RK-JRF-2026\\Projects\\LandT_Application\\lt-fe-v1\\src\\services\\cameraService.ts","statementMap":{"0":{"start":{"line":10,"column":2},"end":{"line":12,"column":null}},"1":{"start":{"line":11,"column":4},"end":{"line":11,"column":null}},"2":{"start":{"line":13,"column":18},"end":{"line":13,"column":null}},"3":{"start":{"line":16,"column":2},"end":{"line":18,"column":null}},"4":{"start":{"line":17,"column":4},"end":{"line":17,"column":null}},"5":{"start":{"line":21,"column":2},"end":{"line":26,"column":null}},"6":{"start":{"line":22,"column":24},"end":{"line":22,"column":null}},"7":{"start":{"line":23,"column":18},"end":{"line":23,"column":null}},"8":{"start":{"line":24,"column":19},"end":{"line":24,"column":null}},"9":{"start":{"line":25,"column":4},"end":{"line":25,"column":null}},"10":{"start":{"line":29,"column":2},"end":{"line":34,"column":null}},"11":{"start":{"line":30,"column":19},"end":{"line":30,"column":null}},"12":{"start":{"line":31,"column":21},"end":{"line":31,"column":null}},"13":{"start":{"line":32,"column":19},"end":{"line":32,"column":null}},"14":{"start":{"line":33,"column":4},"end":{"line":33,"column":null}},"15":{"start":{"line":36,"column":2},"end":{"line":36,"column":null}},"16":{"start":{"line":40,"column":2},"end":{"line":50,"column":null}},"17":{"start":{"line":41,"column":4},"end":{"line":49,"column":null}},"18":{"start":{"line":52,"column":18},"end":{"line":52,"column":null}},"19":{"start":{"line":53,"column":18},"end":{"line":53,"column":null}},"20":{"start":{"line":55,"column":2},"end":{"line":66,"column":null}},"21":{"start":{"line":69,"column":29},"end":{"line":237,"column":null}},"22":{"start":{"line":72,"column":21},"end":{"line":72,"column":null}},"23":{"start":{"line":73,"column":25},"end":{"line":73,"column":null}},"24":{"start":{"line":73,"column":48},"end":{"line":73,"column":87}},"25":{"start":{"line":75,"column":4},"end":{"line":94,"column":null}},"26":{"start":{"line":76,"column":23},"end":{"line":76,"column":null}},"27":{"start":{"line":77,"column":22},"end":{"line":77,"column":null}},"28":{"start":{"line":78,"column":55},"end":{"line":78,"column":null}},"29":{"start":{"line":80,"column":28},"end":{"line":80,"column":null}},"30":{"start":{"line":83,"column":23},"end":{"line":83,"column":null}},"31":{"start":{"line":84,"column":6},"end":{"line":88,"column":null}},"32":{"start":{"line":85,"column":8},"end":{"line":87,"column":null}},"33":{"start":{"line":85,"column":34},"end":{"line":85,"column":52}},"34":{"start":{"line":86,"column":10},"end":{"line":86,"column":null}},"35":{"start":{"line":90,"column":6},"end":{"line":90,"column":null}},"36":{"start":{"line":91,"column":6},"end":{"line":91,"column":null}},"37":{"start":{"line":93,"column":6},"end":{"line":93,"column":null}},"38":{"start":{"line":98,"column":4},"end":{"line":107,"column":null}},"39":{"start":{"line":99,"column":23},"end":{"line":99,"column":null}},"40":{"start":{"line":100,"column":19},"end":{"line":100,"column":null}},"41":{"start":{"line":101,"column":6},"end":{"line":101,"column":null}},"42":{"start":{"line":103,"column":27},"end":{"line":103,"column":null}},"43":{"start":{"line":104,"column":18},"end":{"line":104,"column":null}},"44":{"start":{"line":104,"column":43},"end":{"line":104,"column":54}},"45":{"start":{"line":105,"column":6},"end":{"line":105,"column":null}},"46":{"start":{"line":105,"column":15},"end":{"line":105,"column":null}},"47":{"start":{"line":106,"column":6},"end":{"line":106,"column":null}},"48":{"start":{"line":111,"column":20},"end":{"line":117,"column":null}},"49":{"start":{"line":118,"column":4},"end":{"line":128,"column":null}},"50":{"start":{"line":119,"column":23},"end":{"line":119,"column":null}},"51":{"start":{"line":120,"column":6},"end":{"line":120,"column":null}},"52":{"start":{"line":122,"column":6},"end":{"line":127,"column":null}},"53":{"start":{"line":123,"column":33},"end":{"line":123,"column":null}},"54":{"start":{"line":124,"column":8},"end":{"line":124,"column":null}},"55":{"start":{"line":126,"column":8},"end":{"line":126,"column":null}},"56":{"start":{"line":133,"column":25},"end":{"line":133,"column":null}},"57":{"start":{"line":134,"column":20},"end":{"line":146,"column":null}},"58":{"start":{"line":149,"column":4},"end":{"line":170,"column":null}},"59":{"start":{"line":150,"column":23},"end":{"line":150,"column":null}},"60":{"start":{"line":151,"column":19},"end":{"line":151,"column":null}},"61":{"start":{"line":152,"column":6},"end":{"line":152,"column":null}},"62":{"start":{"line":153,"column":6},"end":{"line":155,"column":null}},"63":{"start":{"line":154,"column":8},"end":{"line":154,"column":null}},"64":{"start":{"line":158,"column":6},"end":{"line":169,"column":null}},"65":{"start":{"line":172,"column":25},"end":{"line":172,"column":null}},"66":{"start":{"line":173,"column":20},"end":{"line":173,"column":null}},"67":{"start":{"line":173,"column":60},"end":{"line":173,"column":79}},"68":{"start":{"line":174,"column":4},"end":{"line":174,"column":null}},"69":{"start":{"line":176,"column":4},"end":{"line":176,"column":null}},"70":{"start":{"line":180,"column":25},"end":{"line":180,"column":null}},"71":{"start":{"line":181,"column":20},"end":{"line":193,"column":null}},"72":{"start":{"line":196,"column":4},"end":{"line":215,"column":null}},"73":{"start":{"line":197,"column":23},"end":{"line":197,"column":null}},"74":{"start":{"line":198,"column":19},"end":{"line":198,"column":null}},"75":{"start":{"line":199,"column":6},"end":{"line":199,"column":null}},"76":{"start":{"line":201,"column":27},"end":{"line":201,"column":null}},"77":{"start":{"line":202,"column":23},"end":{"line":202,"column":null}},"78":{"start":{"line":202,"column":48},"end":{"line":202,"column":59}},"79":{"start":{"line":203,"column":6},"end":{"line":214,"column":null}},"80":{"start":{"line":217,"column":25},"end":{"line":217,"column":null}},"81":{"start":{"line":218,"column":24},"end":{"line":218,"column":null}},"82":{"start":{"line":218,"column":49},"end":{"line":218,"column":78}},"83":{"start":{"line":219,"column":4},"end":{"line":219,"column":null}},"84":{"start":{"line":221,"column":4},"end":{"line":221,"column":null}},"85":{"start":{"line":225,"column":4},"end":{"line":229,"column":null}},"86":{"start":{"line":226,"column":6},"end":{"line":226,"column":null}},"87":{"start":{"line":231,"column":25},"end":{"line":231,"column":null}},"88":{"start":{"line":232,"column":21},"end":{"line":232,"column":null}},"89":{"start":{"line":232,"column":48},"end":{"line":232,"column":59}},"90":{"start":{"line":233,"column":4},"end":{"line":233,"column":null}},"91":{"start":{"line":235,"column":4},"end":{"line":235,"column":null}}},"fnMap":{"0":{"name":"formatCameraStreamUrl","decl":{"start":{"line":9,"column":16},"end":{"line":9,"column":38}},"loc":{"start":{"line":9,"column":60},"end":{"line":37,"column":null}},"line":9},"1":{"name":"normalizeCamera","decl":{"start":{"line":39,"column":16},"end":{"line":39,"column":32}},"loc":{"start":{"line":39,"column":90},"end":{"line":67,"column":null}},"line":39},"2":{"name":"getCameras","decl":{"start":{"line":70,"column":8},"end":{"line":70,"column":19}},"loc":{"start":{"line":70,"column":72},"end":{"line":95,"column":null}},"line":70},"3":{"name":"(anonymous_3)","decl":{"start":{"line":73,"column":34},"end":{"line":73,"column":42}},"loc":{"start":{"line":73,"column":48},"end":{"line":73,"column":87}},"line":73},"4":{"name":"(anonymous_4)","decl":{"start":{"line":84,"column":19},"end":{"line":84,"column":28}},"loc":{"start":{"line":84,"column":39},"end":{"line":88,"column":7}},"line":84},"5":{"name":"(anonymous_5)","decl":{"start":{"line":85,"column":22},"end":{"line":85,"column":28}},"loc":{"start":{"line":85,"column":34},"end":{"line":85,"column":52}},"line":85},"6":{"name":"getCamera","decl":{"start":{"line":97,"column":8},"end":{"line":97,"column":18}},"loc":{"start":{"line":97,"column":47},"end":{"line":108,"column":null}},"line":97},"7":{"name":"(anonymous_7)","decl":{"start":{"line":104,"column":31},"end":{"line":104,"column":37}},"loc":{"start":{"line":104,"column":43},"end":{"line":104,"column":54}},"line":104},"8":{"name":"controlPtz","decl":{"start":{"line":110,"column":8},"end":{"line":110,"column":19}},"loc":{"start":{"line":110,"column":125},"end":{"line":129,"column":null}},"line":110},"9":{"name":"createCamera","decl":{"start":{"line":132,"column":8},"end":{"line":132,"column":21}},"loc":{"start":{"line":132,"column":67},"end":{"line":177,"column":null}},"line":132},"10":{"name":"(anonymous_10)","decl":{"start":{"line":173,"column":46},"end":{"line":173,"column":54}},"loc":{"start":{"line":173,"column":60},"end":{"line":173,"column":79}},"line":173},"11":{"name":"updateCamera","decl":{"start":{"line":179,"column":8},"end":{"line":179,"column":21}},"loc":{"start":{"line":179,"column":79},"end":{"line":222,"column":null}},"line":179},"12":{"name":"(anonymous_12)","decl":{"start":{"line":202,"column":36},"end":{"line":202,"column":42}},"loc":{"start":{"line":202,"column":48},"end":{"line":202,"column":59}},"line":202},"13":{"name":"(anonymous_13)","decl":{"start":{"line":218,"column":37},"end":{"line":218,"column":42}},"loc":{"start":{"line":218,"column":49},"end":{"line":218,"column":78}},"line":218},"14":{"name":"deleteCamera","decl":{"start":{"line":224,"column":8},"end":{"line":224,"column":21}},"loc":{"start":{"line":224,"column":63},"end":{"line":236,"column":null}},"line":224},"15":{"name":"(anonymous_15)","decl":{"start":{"line":232,"column":34},"end":{"line":232,"column":42}},"loc":{"start":{"line":232,"column":48},"end":{"line":232,"column":59}},"line":232}},"branchMap":{"0":{"loc":{"start":{"line":10,"column":2},"end":{"line":12,"column":null}},"type":"if","locations":[{"start":{"line":10,"column":2},"end":{"line":12,"column":null}},{"start":{},"end":{}}],"line":10},"1":{"loc":{"start":{"line":10,"column":6},"end":{"line":10,"column":27}},"type":"binary-expr","locations":[{"start":{"line":10,"column":6},"end":{"line":10,"column":14}},{"start":{"line":10,"column":14},"end":{"line":10,"column":27}}],"line":10},"2":{"loc":{"start":{"line":16,"column":2},"end":{"line":18,"column":null}},"type":"if","locations":[{"start":{"line":16,"column":2},"end":{"line":18,"column":null}},{"start":{},"end":{}}],"line":16},"3":{"loc":{"start":{"line":16,"column":6},"end":{"line":16,"column":71}},"type":"binary-expr","locations":[{"start":{"line":16,"column":6},"end":{"line":16,"column":39}},{"start":{"line":16,"column":39},"end":{"line":16,"column":71}}],"line":16},"4":{"loc":{"start":{"line":21,"column":2},"end":{"line":26,"column":null}},"type":"if","locations":[{"start":{"line":21,"column":2},"end":{"line":26,"column":null}},{"start":{},"end":{}}],"line":21},"5":{"loc":{"start":{"line":29,"column":2},"end":{"line":34,"column":null}},"type":"if","locations":[{"start":{"line":29,"column":2},"end":{"line":34,"column":null}},{"start":{},"end":{}}],"line":29},"6":{"loc":{"start":{"line":32,"column":19},"end":{"line":32,"column":null}},"type":"cond-expr","locations":[{"start":{"line":32,"column":30},"end":{"line":32,"column":72}},{"start":{"line":32,"column":72},"end":{"line":32,"column":null}}],"line":32},"7":{"loc":{"start":{"line":32,"column":30},"end":{"line":32,"column":72}},"type":"binary-expr","locations":[{"start":{"line":32,"column":30},"end":{"line":32,"column":66}},{"start":{"line":32,"column":66},"end":{"line":32,"column":72}}],"line":32},"8":{"loc":{"start":{"line":40,"column":2},"end":{"line":50,"column":null}},"type":"if","locations":[{"start":{"line":40,"column":2},"end":{"line":50,"column":null}},{"start":{},"end":{}}],"line":40},"9":{"loc":{"start":{"line":52,"column":18},"end":{"line":52,"column":null}},"type":"cond-expr","locations":[{"start":{"line":52,"column":73},"end":{"line":52,"column":113}},{"start":{"line":52,"column":113},"end":{"line":52,"column":null}}],"line":52},"10":{"loc":{"start":{"line":52,"column":18},"end":{"line":52,"column":73}},"type":"binary-expr","locations":[{"start":{"line":52,"column":18},"end":{"line":52,"column":51}},{"start":{"line":52,"column":51},"end":{"line":52,"column":73}}],"line":52},"11":{"loc":{"start":{"line":53,"column":18},"end":{"line":53,"column":null}},"type":"binary-expr","locations":[{"start":{"line":53,"column":18},"end":{"line":53,"column":47}},{"start":{"line":53,"column":47},"end":{"line":53,"column":75}},{"start":{"line":53,"column":75},"end":{"line":53,"column":106}},{"start":{"line":53,"column":106},"end":{"line":53,"column":135}},{"start":{"line":53,"column":135},"end":{"line":53,"column":null}}],"line":53},"12":{"loc":{"start":{"line":56,"column":15},"end":{"line":56,"column":54}},"type":"binary-expr","locations":[{"start":{"line":56,"column":15},"end":{"line":56,"column":33}},{"start":{"line":56,"column":33},"end":{"line":56,"column":44}},{"start":{"line":56,"column":44},"end":{"line":56,"column":54}}],"line":56},"13":{"loc":{"start":{"line":57,"column":11},"end":{"line":57,"column":null}},"type":"binary-expr","locations":[{"start":{"line":57,"column":11},"end":{"line":57,"column":35}},{"start":{"line":57,"column":35},"end":{"line":57,"column":null}}],"line":57},"14":{"loc":{"start":{"line":59,"column":19},"end":{"line":59,"column":80}},"type":"binary-expr","locations":[{"start":{"line":59,"column":19},"end":{"line":59,"column":35}},{"start":{"line":59,"column":35},"end":{"line":59,"column":50}},{"start":{"line":59,"column":50},"end":{"line":59,"column":65}},{"start":{"line":59,"column":65},"end":{"line":59,"column":78}},{"start":{"line":59,"column":78},"end":{"line":59,"column":80}}],"line":59},"15":{"loc":{"start":{"line":60,"column":15},"end":{"line":60,"column":null}},"type":"binary-expr","locations":[{"start":{"line":60,"column":15},"end":{"line":60,"column":45}},{"start":{"line":60,"column":45},"end":{"line":60,"column":74}},{"start":{"line":60,"column":74},"end":{"line":60,"column":102}},{"start":{"line":60,"column":102},"end":{"line":60,"column":null}}],"line":60},"16":{"loc":{"start":{"line":61,"column":15},"end":{"line":61,"column":null}},"type":"binary-expr","locations":[{"start":{"line":61,"column":15},"end":{"line":61,"column":43}},{"start":{"line":61,"column":43},"end":{"line":61,"column":null}}],"line":61},"17":{"loc":{"start":{"line":62,"column":14},"end":{"line":62,"column":null}},"type":"binary-expr","locations":[{"start":{"line":62,"column":14},"end":{"line":62,"column":40}},{"start":{"line":62,"column":40},"end":{"line":62,"column":null}}],"line":62},"18":{"loc":{"start":{"line":63,"column":12},"end":{"line":63,"column":null}},"type":"binary-expr","locations":[{"start":{"line":63,"column":12},"end":{"line":63,"column":36}},{"start":{"line":63,"column":36},"end":{"line":63,"column":null}}],"line":63},"19":{"loc":{"start":{"line":64,"column":17},"end":{"line":64,"column":null}},"type":"binary-expr","locations":[{"start":{"line":64,"column":17},"end":{"line":64,"column":49}},{"start":{"line":64,"column":49},"end":{"line":64,"column":79}},{"start":{"line":64,"column":79},"end":{"line":64,"column":null}}],"line":64},"20":{"loc":{"start":{"line":65,"column":18},"end":{"line":65,"column":null}},"type":"binary-expr","locations":[{"start":{"line":65,"column":18},"end":{"line":65,"column":51}},{"start":{"line":65,"column":51},"end":{"line":65,"column":82}},{"start":{"line":65,"column":82},"end":{"line":65,"column":null}}],"line":65},"21":{"loc":{"start":{"line":77,"column":22},"end":{"line":77,"column":null}},"type":"binary-expr","locations":[{"start":{"line":77,"column":22},"end":{"line":77,"column":45}},{"start":{"line":77,"column":45},"end":{"line":77,"column":null}}],"line":77},"22":{"loc":{"start":{"line":78,"column":55},"end":{"line":78,"column":null}},"type":"cond-expr","locations":[{"start":{"line":78,"column":80},"end":{"line":78,"column":90}},{"start":{"line":78,"column":90},"end":{"line":78,"column":null}}],"line":78},"23":{"loc":{"start":{"line":78,"column":90},"end":{"line":78,"column":null}},"type":"binary-expr","locations":[{"start":{"line":78,"column":90},"end":{"line":78,"column":110}},{"start":{"line":78,"column":110},"end":{"line":78,"column":null}}],"line":78},"24":{"loc":{"start":{"line":85,"column":8},"end":{"line":87,"column":null}},"type":"if","locations":[{"start":{"line":85,"column":8},"end":{"line":87,"column":null}},{"start":{},"end":{}}],"line":85},"25":{"loc":{"start":{"line":100,"column":19},"end":{"line":100,"column":null}},"type":"binary-expr","locations":[{"start":{"line":100,"column":19},"end":{"line":100,"column":42}},{"start":{"line":100,"column":42},"end":{"line":100,"column":null}}],"line":100},"26":{"loc":{"start":{"line":105,"column":6},"end":{"line":105,"column":null}},"type":"if","locations":[{"start":{"line":105,"column":6},"end":{"line":105,"column":null}},{"start":{},"end":{}}],"line":105},"27":{"loc":{"start":{"line":114,"column":11},"end":{"line":114,"column":null}},"type":"cond-expr","locations":[{"start":{"line":114,"column":31},"end":{"line":114,"column":49}},{"start":{"line":114,"column":49},"end":{"line":114,"column":null}}],"line":114},"28":{"loc":{"start":{"line":115,"column":12},"end":{"line":115,"column":null}},"type":"cond-expr","locations":[{"start":{"line":115,"column":33},"end":{"line":115,"column":52}},{"start":{"line":115,"column":52},"end":{"line":115,"column":null}}],"line":115},"29":{"loc":{"start":{"line":116,"column":12},"end":{"line":116,"column":null}},"type":"cond-expr","locations":[{"start":{"line":116,"column":33},"end":{"line":116,"column":59}},{"start":{"line":116,"column":59},"end":{"line":116,"column":null}}],"line":116},"30":{"loc":{"start":{"line":142,"column":12},"end":{"line":142,"column":null}},"type":"binary-expr","locations":[{"start":{"line":142,"column":12},"end":{"line":142,"column":31}},{"start":{"line":142,"column":31},"end":{"line":142,"column":null}}],"line":142},"31":{"loc":{"start":{"line":143,"column":14},"end":{"line":143,"column":null}},"type":"binary-expr","locations":[{"start":{"line":143,"column":14},"end":{"line":143,"column":35}},{"start":{"line":143,"column":35},"end":{"line":143,"column":null}}],"line":143},"32":{"loc":{"start":{"line":144,"column":20},"end":{"line":144,"column":null}},"type":"binary-expr","locations":[{"start":{"line":144,"column":20},"end":{"line":144,"column":46}},{"start":{"line":144,"column":46},"end":{"line":144,"column":null}}],"line":144},"33":{"loc":{"start":{"line":145,"column":19},"end":{"line":145,"column":null}},"type":"binary-expr","locations":[{"start":{"line":145,"column":19},"end":{"line":145,"column":45}},{"start":{"line":145,"column":45},"end":{"line":145,"column":null}}],"line":145},"34":{"loc":{"start":{"line":151,"column":19},"end":{"line":151,"column":null}},"type":"binary-expr","locations":[{"start":{"line":151,"column":19},"end":{"line":151,"column":42}},{"start":{"line":151,"column":42},"end":{"line":151,"column":null}}],"line":151},"35":{"loc":{"start":{"line":153,"column":6},"end":{"line":155,"column":null}},"type":"if","locations":[{"start":{"line":153,"column":6},"end":{"line":155,"column":null}},{"start":{},"end":{}}],"line":153},"36":{"loc":{"start":{"line":153,"column":10},"end":{"line":153,"column":52}},"type":"binary-expr","locations":[{"start":{"line":153,"column":10},"end":{"line":153,"column":33}},{"start":{"line":153,"column":33},"end":{"line":153,"column":52}}],"line":153},"37":{"loc":{"start":{"line":159,"column":12},"end":{"line":159,"column":null}},"type":"binary-expr","locations":[{"start":{"line":159,"column":12},"end":{"line":159,"column":29}},{"start":{"line":159,"column":29},"end":{"line":159,"column":null}}],"line":159},"38":{"loc":{"start":{"line":160,"column":14},"end":{"line":160,"column":null}},"type":"binary-expr","locations":[{"start":{"line":160,"column":14},"end":{"line":160,"column":33}},{"start":{"line":160,"column":33},"end":{"line":160,"column":null}}],"line":160},"39":{"loc":{"start":{"line":162,"column":16},"end":{"line":162,"column":null}},"type":"binary-expr","locations":[{"start":{"line":162,"column":16},"end":{"line":162,"column":37}},{"start":{"line":162,"column":37},"end":{"line":162,"column":null}}],"line":162},"40":{"loc":{"start":{"line":163,"column":18},"end":{"line":163,"column":null}},"type":"binary-expr","locations":[{"start":{"line":163,"column":18},"end":{"line":163,"column":41}},{"start":{"line":163,"column":41},"end":{"line":163,"column":null}}],"line":163},"41":{"loc":{"start":{"line":164,"column":18},"end":{"line":164,"column":null}},"type":"binary-expr","locations":[{"start":{"line":164,"column":18},"end":{"line":164,"column":41}},{"start":{"line":164,"column":41},"end":{"line":164,"column":null}}],"line":164},"42":{"loc":{"start":{"line":165,"column":16},"end":{"line":165,"column":null}},"type":"binary-expr","locations":[{"start":{"line":165,"column":16},"end":{"line":165,"column":37}},{"start":{"line":165,"column":37},"end":{"line":165,"column":null}}],"line":165},"43":{"loc":{"start":{"line":166,"column":14},"end":{"line":166,"column":null}},"type":"binary-expr","locations":[{"start":{"line":166,"column":14},"end":{"line":166,"column":33}},{"start":{"line":166,"column":33},"end":{"line":166,"column":null}}],"line":166},"44":{"loc":{"start":{"line":168,"column":21},"end":{"line":168,"column":null}},"type":"binary-expr","locations":[{"start":{"line":168,"column":21},"end":{"line":168,"column":47}},{"start":{"line":168,"column":47},"end":{"line":168,"column":null}}],"line":168},"45":{"loc":{"start":{"line":180,"column":25},"end":{"line":180,"column":null}},"type":"cond-expr","locations":[{"start":{"line":180,"column":46},"end":{"line":180,"column":90}},{"start":{"line":180,"column":90},"end":{"line":180,"column":null}}],"line":180},"46":{"loc":{"start":{"line":198,"column":19},"end":{"line":198,"column":null}},"type":"binary-expr","locations":[{"start":{"line":198,"column":19},"end":{"line":198,"column":42}},{"start":{"line":198,"column":42},"end":{"line":198,"column":null}}],"line":198},"47":{"loc":{"start":{"line":204,"column":12},"end":{"line":212,"column":null}},"type":"binary-expr","locations":[{"start":{"line":204,"column":12},"end":{"line":204,"column":24}},{"start":{"line":204,"column":24},"end":{"line":212,"column":null}}],"line":204},"48":{"loc":{"start":{"line":218,"column":49},"end":{"line":218,"column":78}},"type":"cond-expr","locations":[{"start":{"line":218,"column":63},"end":{"line":218,"column":76}},{"start":{"line":218,"column":76},"end":{"line":218,"column":78}}],"line":218}},"s":{"0":14,"1":3,"2":11,"3":11,"4":2,"5":9,"6":2,"7":2,"8":2,"9":2,"10":7,"11":6,"12":6,"13":6,"14":6,"15":1,"16":6,"17":1,"18":5,"19":6,"20":6,"21":1,"22":2,"23":2,"24":0,"25":2,"26":2,"27":1,"28":2,"29":2,"30":2,"31":2,"32":0,"33":0,"34":0,"35":2,"36":2,"37":1,"38":1,"39":1,"40":1,"41":1,"42":0,"43":0,"44":0,"45":0,"46":0,"47":0,"48":2,"49":2,"50":2,"51":1,"52":1,"53":1,"54":1,"55":0,"56":1,"57":1,"58":1,"59":1,"60":1,"61":1,"62":1,"63":0,"64":0,"65":1,"66":1,"67":0,"68":1,"69":1,"70":1,"71":1,"72":1,"73":1,"74":1,"75":1,"76":0,"77":0,"78":0,"79":0,"80":1,"81":1,"82":0,"83":1,"84":1,"85":1,"86":1,"87":1,"88":1,"89":0,"90":1,"91":1},"f":{"0":14,"1":6,"2":2,"3":0,"4":0,"5":0,"6":1,"7":0,"8":2,"9":1,"10":0,"11":1,"12":0,"13":0,"14":1,"15":0},"b":{"0":[3,11],"1":[14,12],"2":[2,9],"3":[11,10],"4":[2,7],"5":[6,1],"6":[1,5],"7":[1,0],"8":[1,5],"9":[1,4],"10":[5,1],"11":[6,1,1,1,1],"12":[6,5,0],"13":[6,0],"14":[6,5,5,4,4],"15":[6,5,5,4],"16":[6,5],"17":[6,3],"18":[6,3],"19":[6,5,5],"20":[6,5,5],"21":[1,0],"22":[1,0],"23":[0,0],"24":[0,0],"25":[1,0],"26":[0,0],"27":[1,1],"28":[1,1],"29":[1,1],"30":[1,1],"31":[1,1],"32":[1,1],"33":[1,1],"34":[1,0],"35":[0,1],"36":[1,0],"37":[0,0],"38":[0,0],"39":[0,0],"40":[0,0],"41":[0,0],"42":[0,0],"43":[0,0],"44":[0,0],"45":[0,1],"46":[1,0],"47":[0,0],"48":[0,0]},"meta":{"lastBranch":49,"lastFunction":16,"lastStatement":92,"seen":{"f:9:16:9:38":0,"b:10:2:12:Infinity:undefined:undefined:undefined:undefined":0,"s:10:2:12:Infinity":0,"b:10:6:10:14:10:14:10:27":1,"s:11:4:11:Infinity":1,"s:13:18:13:Infinity":2,"b:16:2:18:Infinity:undefined:undefined:undefined:undefined":2,"s:16:2:18:Infinity":3,"b:16:6:16:39:16:39:16:71":3,"s:17:4:17:Infinity":4,"b:21:2:26:Infinity:undefined:undefined:undefined:undefined":4,"s:21:2:26:Infinity":5,"s:22:24:22:Infinity":6,"s:23:18:23:Infinity":7,"s:24:19:24:Infinity":8,"s:25:4:25:Infinity":9,"b:29:2:34:Infinity:undefined:undefined:undefined:undefined":5,"s:29:2:34:Infinity":10,"s:30:19:30:Infinity":11,"s:31:21:31:Infinity":12,"s:32:19:32:Infinity":13,"b:32:30:32:72:32:72:32:Infinity":6,"b:32:30:32:66:32:66:32:72":7,"s:33:4:33:Infinity":14,"s:36:2:36:Infinity":15,"f:39:16:39:32":1,"b:40:2:50:Infinity:undefined:undefined:undefined:undefined":8,"s:40:2:50:Infinity":16,"s:41:4:49:Infinity":17,"s:52:18:52:Infinity":18,"b:52:73:52:113:52:113:52:Infinity":9,"b:52:18:52:51:52:51:52:73":10,"s:53:18:53:Infinity":19,"b:53:18:53:47:53:47:53:75:53:75:53:106:53:106:53:135:53:135:53:Infinity":11,"s:55:2:66:Infinity":20,"b:56:15:56:33:56:33:56:44:56:44:56:54":12,"b:57:11:57:35:57:35:57:Infinity":13,"b:59:19:59:35:59:35:59:50:59:50:59:65:59:65:59:78:59:78:59:80":14,"b:60:15:60:45:60:45:60:74:60:74:60:102:60:102:60:Infinity":15,"b:61:15:61:43:61:43:61:Infinity":16,"b:62:14:62:40:62:40:62:Infinity":17,"b:63:12:63:36:63:36:63:Infinity":18,"b:64:17:64:49:64:49:64:79:64:79:64:Infinity":19,"b:65:18:65:51:65:51:65:82:65:82:65:Infinity":20,"s:69:29:237:Infinity":21,"f:70:8:70:19":2,"s:72:21:72:Infinity":22,"s:73:25:73:Infinity":23,"f:73:34:73:42":3,"s:73:48:73:87":24,"s:75:4:94:Infinity":25,"s:76:23:76:Infinity":26,"s:77:22:77:Infinity":27,"b:77:22:77:45:77:45:77:Infinity":21,"s:78:55:78:Infinity":28,"b:78:80:78:90:78:90:78:Infinity":22,"b:78:90:78:110:78:110:78:Infinity":23,"s:80:28:80:Infinity":29,"s:83:23:83:Infinity":30,"s:84:6:88:Infinity":31,"f:84:19:84:28":4,"b:85:8:87:Infinity:undefined:undefined:undefined:undefined":24,"s:85:8:87:Infinity":32,"f:85:22:85:28":5,"s:85:34:85:52":33,"s:86:10:86:Infinity":34,"s:90:6:90:Infinity":35,"s:91:6:91:Infinity":36,"s:93:6:93:Infinity":37,"f:97:8:97:18":6,"s:98:4:107:Infinity":38,"s:99:23:99:Infinity":39,"s:100:19:100:Infinity":40,"b:100:19:100:42:100:42:100:Infinity":25,"s:101:6:101:Infinity":41,"s:103:27:103:Infinity":42,"s:104:18:104:Infinity":43,"f:104:31:104:37":7,"s:104:43:104:54":44,"b:105:6:105:Infinity:undefined:undefined:undefined:undefined":26,"s:105:6:105:Infinity":45,"s:105:15:105:Infinity":46,"s:106:6:106:Infinity":47,"f:110:8:110:19":8,"s:111:20:117:Infinity":48,"b:114:31:114:49:114:49:114:Infinity":27,"b:115:33:115:52:115:52:115:Infinity":28,"b:116:33:116:59:116:59:116:Infinity":29,"s:118:4:128:Infinity":49,"s:119:23:119:Infinity":50,"s:120:6:120:Infinity":51,"s:122:6:127:Infinity":52,"s:123:33:123:Infinity":53,"s:124:8:124:Infinity":54,"s:126:8:126:Infinity":55,"f:132:8:132:21":9,"s:133:25:133:Infinity":56,"s:134:20:146:Infinity":57,"b:142:12:142:31:142:31:142:Infinity":30,"b:143:14:143:35:143:35:143:Infinity":31,"b:144:20:144:46:144:46:144:Infinity":32,"b:145:19:145:45:145:45:145:Infinity":33,"s:149:4:170:Infinity":58,"s:150:23:150:Infinity":59,"s:151:19:151:Infinity":60,"b:151:19:151:42:151:42:151:Infinity":34,"s:152:6:152:Infinity":61,"b:153:6:155:Infinity:undefined:undefined:undefined:undefined":35,"s:153:6:155:Infinity":62,"b:153:10:153:33:153:33:153:52":36,"s:154:8:154:Infinity":63,"s:158:6:169:Infinity":64,"b:159:12:159:29:159:29:159:Infinity":37,"b:160:14:160:33:160:33:160:Infinity":38,"b:162:16:162:37:162:37:162:Infinity":39,"b:163:18:163:41:163:41:163:Infinity":40,"b:164:18:164:41:164:41:164:Infinity":41,"b:165:16:165:37:165:37:165:Infinity":42,"b:166:14:166:33:166:33:166:Infinity":43,"b:168:21:168:47:168:47:168:Infinity":44,"s:172:25:172:Infinity":65,"s:173:20:173:Infinity":66,"f:173:46:173:54":10,"s:173:60:173:79":67,"s:174:4:174:Infinity":68,"s:176:4:176:Infinity":69,"f:179:8:179:21":11,"s:180:25:180:Infinity":70,"b:180:46:180:90:180:90:180:Infinity":45,"s:181:20:193:Infinity":71,"s:196:4:215:Infinity":72,"s:197:23:197:Infinity":73,"s:198:19:198:Infinity":74,"b:198:19:198:42:198:42:198:Infinity":46,"s:199:6:199:Infinity":75,"s:201:27:201:Infinity":76,"s:202:23:202:Infinity":77,"f:202:36:202:42":12,"s:202:48:202:59":78,"s:203:6:214:Infinity":79,"b:204:12:204:24:204:24:212:Infinity":47,"s:217:25:217:Infinity":80,"s:218:24:218:Infinity":81,"f:218:37:218:42":13,"s:218:49:218:78":82,"b:218:63:218:76:218:76:218:78":48,"s:219:4:219:Infinity":83,"s:221:4:221:Infinity":84,"f:224:8:224:21":14,"s:225:4:229:Infinity":85,"s:226:6:226:Infinity":86,"s:231:25:231:Infinity":87,"s:232:21:232:Infinity":88,"f:232:34:232:42":15,"s:232:48:232:59":89,"s:233:4:233:Infinity":90,"s:235:4:235:Infinity":91},"fnNames":{}}}
[...]
,"D:\\RK-JRF-2026\\Projects\\LandT_Application\\lt-fe-v1\\src\\services\\siteService.ts": {"path":"D:\\RK-JRF-2026\\Projects\\LandT_Application\\lt-fe-v1\\src\\services\\siteService.ts","statementMap":{"0":{"start":{"line":8,"column":27},"end":{"line":64,"column":null}},"1":{"start":{"line":10,"column":21},"end":{"line":10,"column":null}},"2":{"start":{"line":11,"column":17},"end":{"line":11,"column":null}},"3":{"start":{"line":12,"column":4},"end":{"line":12,"column":null}},"4":{"start":{"line":16,"column":21},"end":{"line":16,"column":null}},"5":{"start":{"line":17,"column":4},"end":{"line":17,"column":null}},"6":{"start":{"line":21,"column":21},"end":{"line":21,"column":null}},"7":{"start":{"line":22,"column":4},"end":{"line":22,"column":null}},"8":{"start":{"line":26,"column":21},"end":{"line":26,"column":null}},"9":{"start":{"line":27,"column":4},"end":{"line":27,"column":null}},"10":{"start":{"line":31,"column":21},"end":{"line":31,"column":null}},"11":{"start":{"line":32,"column":4},"end":{"line":32,"column":null}},"12":{"start":{"line":36,"column":21},"end":{"line":36,"column":null}},"13":{"start":{"line":37,"column":17},"end":{"line":37,"column":null}},"14":{"start":{"line":38,"column":4},"end":{"line":38,"column":null}},"15":{"start":{"line":42,"column":21},"end":{"line":42,"column":null}},"16":{"start":{"line":43,"column":4},"end":{"line":43,"column":null}},"17":{"start":{"line":48,"column":21},"end":{"line":48,"column":null}},"18":{"start":{"line":49,"column":17},"end":{"line":49,"column":null}},"19":{"start":{"line":50,"column":4},"end":{"line":50,"column":null}},"20":{"start":{"line":54,"column":21},"end":{"line":54,"column":null}},"21":{"start":{"line":55,"column":17},"end":{"line":55,"column":null}},"22":{"start":{"line":56,"column":4},"end":{"line":56,"column":null}},"23":{"start":{"line":60,"column":21},"end":{"line":60,"column":null}},"24":{"start":{"line":61,"column":17},"end":{"line":61,"column":null}},"25":{"start":{"line":62,"column":4},"end":{"line":62,"column":null}}},"fnMap":{"0":{"name":"getSites","decl":{"start":{"line":9,"column":8},"end":{"line":9,"column":17}},"loc":{"start":{"line":9,"column":68},"end":{"line":13,"column":null}},"line":9},"1":{"name":"getSite","decl":{"start":{"line":15,"column":8},"end":{"line":15,"column":16}},"loc":{"start":{"line":15,"column":43},"end":{"line":18,"column":null}},"line":15},"2":{"name":"createSite","decl":{"start":{"line":20,"column":8},"end":{"line":20,"column":19}},"loc":{"start":{"line":20,"column":59},"end":{"line":23,"column":null}},"line":20},"3":{"name":"updateSite","decl":{"start":{"line":25,"column":8},"end":{"line":25,"column":19}},"loc":{"start":{"line":25,"column":71},"end":{"line":28,"column":null}},"line":25},"4":{"name":"deleteSite","decl":{"start":{"line":30,"column":8},"end":{"line":30,"column":19}},"loc":{"start":{"line":30,"column":61},"end":{"line":33,"column":null}},"line":30},"5":{"name":"getChainages","decl":{"start":{"line":35,"column":8},"end":{"line":35,"column":21}},"loc":{"start":{"line":35,"column":59},"end":{"line":39,"column":null}},"line":35},"6":{"name":"createChainage","decl":{"start":{"line":41,"column":8},"end":{"line":41,"column":23}},"loc":{"start":{"line":41,"column":75},"end":{"line":44,"column":null}},"line":41},"7":{"name":"getCountries","decl":{"start":{"line":47,"column":8},"end":{"line":47,"column":43}},"loc":{"start":{"line":47,"column":43},"end":{"line":51,"column":null}},"line":47},"8":{"name":"getStates","decl":{"start":{"line":53,"column":8},"end":{"line":53,"column":18}},"loc":{"start":{"line":53,"column":56},"end":{"line":57,"column":null}},"line":53},"9":{"name":"getCities","decl":{"start":{"line":59,"column":8},"end":{"line":59,"column":18}},"loc":{"start":{"line":59,"column":53},"end":{"line":63,"column":null}},"line":59}},"branchMap":{"0":{"loc":{"start":{"line":11,"column":17},"end":{"line":11,"column":null}},"type":"binary-expr","locations":[{"start":{"line":11,"column":17},"end":{"line":11,"column":40}},{"start":{"line":11,"column":40},"end":{"line":11,"column":null}}],"line":11},"1":{"loc":{"start":{"line":12,"column":11},"end":{"line":12,"column":null}},"type":"cond-expr","locations":[{"start":{"line":12,"column":33},"end":{"line":12,"column":40}},{"start":{"line":12,"column":40},"end":{"line":12,"column":null}}],"line":12},"2":{"loc":{"start":{"line":12,"column":40},"end":{"line":12,"column":null}},"type":"binary-expr","locations":[{"start":{"line":12,"column":40},"end":{"line":12,"column":57}},{"start":{"line":12,"column":57},"end":{"line":12,"column":null}}],"line":12},"3":{"loc":{"start":{"line":17,"column":11},"end":{"line":17,"column":null}},"type":"binary-expr","locations":[{"start":{"line":17,"column":11},"end":{"line":17,"column":34}},{"start":{"line":17,"column":34},"end":{"line":17,"column":null}}],"line":17},"4":{"loc":{"start":{"line":22,"column":11},"end":{"line":22,"column":null}},"type":"binary-expr","locations":[{"start":{"line":22,"column":11},"end":{"line":22,"column":34}},{"start":{"line":22,"column":34},"end":{"line":22,"column":null}}],"line":22},"5":{"loc":{"start":{"line":27,"column":11},"end":{"line":27,"column":null}},"type":"binary-expr","locations":[{"start":{"line":27,"column":11},"end":{"line":27,"column":34}},{"start":{"line":27,"column":34},"end":{"line":27,"column":null}}],"line":27},"6":{"loc":{"start":{"line":37,"column":17},"end":{"line":37,"column":null}},"type":"binary-expr","locations":[{"start":{"line":37,"column":17},"end":{"line":37,"column":40}},{"start":{"line":37,"column":40},"end":{"line":37,"column":null}}],"line":37},"7":{"loc":{"start":{"line":38,"column":11},"end":{"line":38,"column":null}},"type":"cond-expr","locations":[{"start":{"line":38,"column":33},"end":{"line":38,"column":40}},{"start":{"line":38,"column":40},"end":{"line":38,"column":null}}],"line":38},"8":{"loc":{"start":{"line":38,"column":40},"end":{"line":38,"column":null}},"type":"binary-expr","locations":[{"start":{"line":38,"column":40},"end":{"line":38,"column":57}},{"start":{"line":38,"column":57},"end":{"line":38,"column":null}}],"line":38},"9":{"loc":{"start":{"line":43,"column":11},"end":{"line":43,"column":null}},"type":"binary-expr","locations":[{"start":{"line":43,"column":11},"end":{"line":43,"column":34}},{"start":{"line":43,"column":34},"end":{"line":43,"column":null}}],"line":43},"10":{"loc":{"start":{"line":49,"column":17},"end":{"line":49,"column":null}},"type":"binary-expr","locations":[{"start":{"line":49,"column":17},"end":{"line":49,"column":40}},{"start":{"line":49,"column":40},"end":{"line":49,"column":null}}],"line":49},"11":{"loc":{"start":{"line":50,"column":11},"end":{"line":50,"column":null}},"type":"cond-expr","locations":[{"start":{"line":50,"column":33},"end":{"line":50,"column":40}},{"start":{"line":50,"column":40},"end":{"line":50,"column":null}}],"line":50},"12":{"loc":{"start":{"line":55,"column":17},"end":{"line":55,"column":null}},"type":"binary-expr","locations":[{"start":{"line":55,"column":17},"end":{"line":55,"column":40}},{"start":{"line":55,"column":40},"end":{"line":55,"column":null}}],"line":55},"13":{"loc":{"start":{"line":56,"column":11},"end":{"line":56,"column":null}},"type":"cond-expr","locations":[{"start":{"line":56,"column":33},"end":{"line":56,"column":40}},{"start":{"line":56,"column":40},"end":{"line":56,"column":null}}],"line":56},"14":{"loc":{"start":{"line":61,"column":17},"end":{"line":61,"column":null}},"type":"binary-expr","locations":[{"start":{"line":61,"column":17},"end":{"line":61,"column":40}},{"start":{"line":61,"column":40},"end":{"line":61,"column":null}}],"line":61},"15":{"loc":{"start":{"line":62,"column":11},"end":{"line":62,"column":null}},"type":"cond-expr","locations":[{"start":{"line":62,"column":33},"end":{"line":62,"column":40}},{"start":{"line":62,"column":40},"end":{"line":62,"column":null}}],"line":62}},"s":{"0":1,"1":1,"2":1,"3":1,"4":1,"5":1,"6":1,"7":1,"8":1,"9":1,"10":1,"11":1,"12":1,"13":1,"14":1,"15":1,"16":1,"17":1,"18":1,"19":1,"20":1,"21":1,"22":1,"23":1,"24":1,"25":1},"f":{"0":1,"1":1,"2":1,"3":1,"4":1,"5":1,"6":1,"7":1,"8":1,"9":1},"b":{"0":[1,0],"1":[1,0],"2":[0,0],"3":[1,0],"4":[1,0],"5":[1,0],"6":[1,0],"7":[1,0],"8":[0,0],"9":[1,0],"10":[1,0],"11":[1,0],"12":[1,0],"13":[1,0],"14":[1,0],"15":[1,0]},"meta":{"lastBranch":16,"lastFunction":10,"lastStatement":26,"seen":{"s:8:27:64:Infinity":0,"f:9:8:9:17":0,"s:10:21:10:Infinity":1,"s:11:17:11:Infinity":2,"b:11:17:11:40:11:40:11:Infinity":0,"s:12:4:12:Infinity":3,"b:12:33:12:40:12:40:12:Infinity":1,"b:12:40:12:57:12:57:12:Infinity":2,"f:15:8:15:16":1,"s:16:21:16:Infinity":4,"s:17:4:17:Infinity":5,"b:17:11:17:34:17:34:17:Infinity":3,"f:20:8:20:19":2,"s:21:21:21:Infinity":6,"s:22:4:22:Infinity":7,"b:22:11:22:34:22:34:22:Infinity":4,"f:25:8:25:19":3,"s:26:21:26:Infinity":8,"s:27:4:27:Infinity":9,"b:27:11:27:34:27:34:27:Infinity":5,"f:30:8:30:19":4,"s:31:21:31:Infinity":10,"s:32:4:32:Infinity":11,"f:35:8:35:21":5,"s:36:21:36:Infinity":12,"s:37:17:37:Infinity":13,"b:37:17:37:40:37:40:37:Infinity":6,"s:38:4:38:Infinity":14,"b:38:33:38:40:38:40:38:Infinity":7,"b:38:40:38:57:38:57:38:Infinity":8,"f:41:8:41:23":6,"s:42:21:42:Infinity":15,"s:43:4:43:Infinity":16,"b:43:11:43:34:43:34:43:Infinity":9,"f:47:8:47:43":7,"s:48:21:48:Infinity":17,"s:49:17:49:Infinity":18,"b:49:17:49:40:49:40:49:Infinity":10,"s:50:4:50:Infinity":19,"b:50:33:50:40:50:40:50:Infinity":11,"f:53:8:53:18":8,"s:54:21:54:Infinity":20,"s:55:17:55:Infinity":21,"b:55:17:55:40:55:40:55:Infinity":12,"s:56:4:56:Infinity":22,"b:56:33:56:40:56:40:56:Infinity":13,"f:59:8:59:18":9,"s:60:21:60:Infinity":23,"s:61:17:61:Infinity":24,"b:61:17:61:40:61:40:61:Infinity":14,"s:62:4:62:Infinity":25,"b:62:33:62:40:62:40:62:Infinity":15},"fnNames":{}}}
,"D:\\RK-JRF-2026\\Projects\\LandT_Application\\lt-fe-v1\\src\\services\\storage.ts": {"path":"D:\\RK-JRF-2026\\Projects\\LandT_Application\\lt-fe-v1\\src\\services\\storage.ts","statementMap":{"0":{"start":{"line":1,"column":13},"end":{"line":16,"column":null}},"1":{"start":{"line":18,"column":23},"end":{"line":43,"column":null}},"2":{"start":{"line":20,"column":4},"end":{"line":25,"column":null}},"3":{"start":{"line":21,"column":19},"end":{"line":21,"column":null}},"4":{"start":{"line":22,"column":6},"end":{"line":22,"column":null}},"5":{"start":{"line":24,"column":6},"end":{"line":24,"column":null}},"6":{"start":{"line":29,"column":4},"end":{"line":33,"column":null}},"7":{"start":{"line":30,"column":6},"end":{"line":30,"column":null}},"8":{"start":{"line":37,"column":4},"end":{"line":41,"column":null}},"9":{"start":{"line":38,"column":6},"end":{"line":38,"column":null}}},"fnMap":{"0":{"name":"(anonymous_0)","decl":{"start":{"line":19,"column":2},"end":{"line":19,"column":11}},"loc":{"start":{"line":19,"column":43},"end":{"line":26,"column":null}},"line":19},"1":{"name":"(anonymous_1)","decl":{"start":{"line":28,"column":2},"end":{"line":28,"column":8}},"loc":{"start":{"line":28,"column":40},"end":{"line":34,"column":null}},"line":28},"2":{"name":"(anonymous_2)","decl":{"start":{"line":36,"column":2},"end":{"line":36,"column":11}},"loc":{"start":{"line":36,"column":27},"end":{"line":42,"column":null}},"line":36}},"branchMap":{"0":{"loc":{"start":{"line":22,"column":13},"end":{"line":22,"column":null}},"type":"cond-expr","locations":[{"start":{"line":22,"column":20},"end":{"line":22,"column":39}},{"start":{"line":22,"column":39},"end":{"line":22,"column":null}}],"line":22}},"s":{"0":1,"1":1,"2":5,"3":5,"4":5,"5":0,"6":4,"7":4,"8":0,"9":0},"f":{"0":5,"1":4,"2":0},"b":{"0":[0,5]},"meta":{"lastBranch":1,"lastFunction":3,"lastStatement":10,"seen":{"s:1:13:16:Infinity":0,"s:18:23:43:Infinity":1,"f:19:2:19:11":0,"s:20:4:25:Infinity":2,"s:21:19:21:Infinity":3,"s:22:6:22:Infinity":4,"b:22:20:22:39:22:39:22:Infinity":0,"s:24:6:24:Infinity":5,"f:28:2:28:8":1,"s:29:4:33:Infinity":6,"s:30:6:30:Infinity":7,"f:36:2:36:11":2,"s:37:4:41:Infinity":8,"s:38:6:38:Infinity":9},"fnNames":{}}}
,"D:\\RK-JRF-2026\\Projects\\LandT_Application\\lt-fe-v1\\src\\services\\workerService.ts": {"path":"D:\\RK-JRF-2026\\Projects\\LandT_Application\\lt-fe-v1\\src\\services\\workerService.ts","statementMap":{"0":{"start":{"line":8,"column":29},"end":{"line":45,"column":null}},"1":{"start":{"line":10,"column":21},"end":{"line":10,"column":null}},"2":{"start":{"line":11,"column":17},"end":{"line":11,"column":null}},"3":{"start":{"line":12,"column":4},"end":{"line":12,"column":null}},"4":{"start":{"line":16,"column":21},"end":{"line":16,"column":null}},"5":{"start":{"line":17,"column":4},"end":{"line":17,"column":null}},"6":{"start":{"line":21,"column":21},"end":{"line":21,"column":null}},"7":{"start":{"line":22,"column":4},"end":{"line":22,"column":null}},"8":{"start":{"line":26,"column":21},"end":{"line":26,"column":null}},"9":{"start":{"line":27,"column":4},"end":{"line":27,"column":null}},"10":{"start":{"line":31,"column":21},"end":{"line":31,"column":null}},"11":{"start":{"line":32,"column":4},"end":{"line":32,"column":null}},"12":{"start":{"line":36,"column":21},"end":{"line":36,"column":null}},"13":{"start":{"line":37,"column":17},"end":{"line":37,"column":null}},"14":{"start":{"line":38,"column":4},"end":{"line":38,"column":null}},"15":{"start":{"line":42,"column":21},"end":{"line":42,"column":null}},"16":{"start":{"line":43,"column":4},"end":{"line":43,"column":null}}},"fnMap":{"0":{"name":"getWorkers","decl":{"start":{"line":9,"column":8},"end":{"line":9,"column":19}},"loc":{"start":{"line":9,"column":72},"end":{"line":13,"column":null}},"line":9},"1":{"name":"getWorker","decl":{"start":{"line":15,"column":8},"end":{"line":15,"column":18}},"loc":{"start":{"line":15,"column":47},"end":{"line":18,"column":null}},"line":15},"2":{"name":"createWorker","decl":{"start":{"line":20,"column":8},"end":{"line":20,"column":21}},"loc":{"start":{"line":20,"column":67},"end":{"line":23,"column":null}},"line":20},"3":{"name":"updateWorker","decl":{"start":{"line":25,"column":8},"end":{"line":25,"column":21}},"loc":{"start":{"line":25,"column":79},"end":{"line":28,"column":null}},"line":25},"4":{"name":"deleteWorker","decl":{"start":{"line":30,"column":8},"end":{"line":30,"column":21}},"loc":{"start":{"line":30,"column":63},"end":{"line":33,"column":null}},"line":30},"5":{"name":"getAttendances","decl":{"start":{"line":35,"column":8},"end":{"line":35,"column":23}},"loc":{"start":{"line":35,"column":80},"end":{"line":39,"column":null}},"line":35},"6":{"name":"createAttendance","decl":{"start":{"line":41,"column":8},"end":{"line":41,"column":25}},"loc":{"start":{"line":41,"column":83},"end":{"line":44,"column":null}},"line":41}},"branchMap":{"0":{"loc":{"start":{"line":11,"column":17},"end":{"line":11,"column":null}},"type":"binary-expr","locations":[{"start":{"line":11,"column":17},"end":{"line":11,"column":40}},{"start":{"line":11,"column":40},"end":{"line":11,"column":null}}],"line":11},"1":{"loc":{"start":{"line":12,"column":11},"end":{"line":12,"column":null}},"type":"cond-expr","locations":[{"start":{"line":12,"column":33},"end":{"line":12,"column":40}},{"start":{"line":12,"column":40},"end":{"line":12,"column":null}}],"line":12},"2":{"loc":{"start":{"line":12,"column":40},"end":{"line":12,"column":null}},"type":"binary-expr","locations":[{"start":{"line":12,"column":40},"end":{"line":12,"column":57}},{"start":{"line":12,"column":57},"end":{"line":12,"column":null}}],"line":12},"3":{"loc":{"start":{"line":17,"column":11},"end":{"line":17,"column":null}},"type":"binary-expr","locations":[{"start":{"line":17,"column":11},"end":{"line":17,"column":34}},{"start":{"line":17,"column":34},"end":{"line":17,"column":null}}],"line":17},"4":{"loc":{"start":{"line":22,"column":11},"end":{"line":22,"column":null}},"type":"binary-expr","locations":[{"start":{"line":22,"column":11},"end":{"line":22,"column":34}},{"start":{"line":22,"column":34},"end":{"line":22,"column":null}}],"line":22},"5":{"loc":{"start":{"line":27,"column":11},"end":{"line":27,"column":null}},"type":"binary-expr","locations":[{"start":{"line":27,"column":11},"end":{"line":27,"column":34}},{"start":{"line":27,"column":34},"end":{"line":27,"column":null}}],"line":27},"6":{"loc":{"start":{"line":37,"column":17},"end":{"line":37,"column":null}},"type":"binary-expr","locations":[{"start":{"line":37,"column":17},"end":{"line":37,"column":40}},{"start":{"line":37,"column":40},"end":{"line":37,"column":null}}],"line":37},"7":{"loc":{"start":{"line":38,"column":11},"end":{"line":38,"column":null}},"type":"cond-expr","locations":[{"start":{"line":38,"column":33},"end":{"line":38,"column":40}},{"start":{"line":38,"column":40},"end":{"line":38,"column":null}}],"line":38},"8":{"loc":{"start":{"line":38,"column":40},"end":{"line":38,"column":null}},"type":"binary-expr","locations":[{"start":{"line":38,"column":40},"end":{"line":38,"column":57}},{"start":{"line":38,"column":57},"end":{"line":38,"column":null}}],"line":38},"9":{"loc":{"start":{"line":43,"column":11},"end":{"line":43,"column":null}},"type":"binary-expr","locations":[{"start":{"line":43,"column":11},"end":{"line":43,"column":34}},{"start":{"line":43,"column":34},"end":{"line":43,"column":null}}],"line":43}},"s":{"0":1,"1":1,"2":1,"3":1,"4":1,"5":1,"6":1,"7":1,"8":1,"9":1,"10":1,"11":1,"12":1,"13":1,"14":1,"15":1,"16":1},"f":{"0":1,"1":1,"2":1,"3":1,"4":1,"5":1,"6":1},"b":{"0":[1,0],"1":[1,0],"2":[0,0],"3":[1,0],"4":[1,0],"5":[1,0],"6":[1,0],"7":[1,0],"8":[0,0],"9":[1,0]},"meta":{"lastBranch":10,"lastFunction":7,"lastStatement":17,"seen":{"s:8:29:45:Infinity":0,"f:9:8:9:19":0,"s:10:21:10:Infinity":1,"s:11:17:11:Infinity":2,"b:11:17:11:40:11:40:11:Infinity":0,"s:12:4:12:Infinity":3,"b:12:33:12:40:12:40:12:Infinity":1,"b:12:40:12:57:12:57:12:Infinity":2,"f:15:8:15:18":1,"s:16:21:16:Infinity":4,"s:17:4:17:Infinity":5,"b:17:11:17:34:17:34:17:Infinity":3,"f:20:8:20:21":2,"s:21:21:21:Infinity":6,"s:22:4:22:Infinity":7,"b:22:11:22:34:22:34:22:Infinity":4,"f:25:8:25:21":3,"s:26:21:26:Infinity":8,"s:27:4:27:Infinity":9,"b:27:11:27:34:27:34:27:Infinity":5,"f:30:8:30:21":4,"s:31:21:31:Infinity":10,"s:32:4:32:Infinity":11,"f:35:8:35:23":5,"s:36:21:36:Infinity":12,"s:37:17:37:Infinity":13,"b:37:17:37:40:37:40:37:Infinity":6,"s:38:4:38:Infinity":14,"b:38:33:38:40:38:40:38:Infinity":7,"b:38:40:38:57:38:57:38:Infinity":8,"f:41:8:41:25":6,"s:42:21:42:Infinity":15,"s:43:4:43:Infinity":16,"b:43:11:43:34:43:34:43:Infinity":9},"fnNames":{}}}
}
